Using pre-set license
Built from '2021.3/staging' branch; Version is '2021.3.25f1 (68ef2c4f8861) revision 6876972'; Using compiler version '192829333'; Build Type 'Release'
OS: 'Windows 10  (10.0.19044) 64bit Core' Language: 'ko' Physical Memory: 8032 MB
BatchMode: 1, IsHumanControllingUs: 0, StartBugReporterOnCrash: 0, Is64bit: 1, IsPro: 1

COMMAND LINE ARGUMENTS:
D:\Unity\2021.3.25f1\Editor\Unity.exe
-adb2
-batchMode
-noUpm
-name
AssetImportWorker1
-projectPath
D:/kitchen/kitchen/New Unity Project
-logFile
Logs/AssetImportWorker1.log
-srvPort
55075
Successfully changed project path to: D:/kitchen/kitchen/New Unity Project
D:/kitchen/kitchen/New Unity Project
[UnityMemory] Configuration Parameters - Can be set up in boot.config
    "memorysetup-bucket-allocator-granularity=16"
    "memorysetup-bucket-allocator-bucket-count=8"
    "memorysetup-bucket-allocator-block-size=33554432"
    "memorysetup-bucket-allocator-block-count=8"
    "memorysetup-main-allocator-block-size=16777216"
    "memorysetup-thread-allocator-block-size=16777216"
    "memorysetup-gfx-main-allocator-block-size=16777216"
    "memorysetup-gfx-thread-allocator-block-size=16777216"
    "memorysetup-cache-allocator-block-size=4194304"
    "memorysetup-typetree-allocator-block-size=2097152"
    "memorysetup-profiler-bucket-allocator-granularity=16"
    "memorysetup-profiler-bucket-allocator-bucket-count=8"
    "memorysetup-profiler-bucket-allocator-block-size=33554432"
    "memorysetup-profiler-bucket-allocator-block-count=8"
    "memorysetup-profiler-allocator-block-size=16777216"
    "memorysetup-profiler-editor-allocator-block-size=1048576"
    "memorysetup-temp-allocator-size-main=16777216"
    "memorysetup-job-temp-allocator-block-size=2097152"
    "memorysetup-job-temp-allocator-block-size-background=1048576"
    "memorysetup-job-temp-allocator-reduction-small-platforms=262144"
    "memorysetup-temp-allocator-size-background-worker=32768"
    "memorysetup-temp-allocator-size-job-worker=262144"
    "memorysetup-temp-allocator-size-preload-manager=33554432"
    "memorysetup-temp-allocator-size-nav-mesh-worker=65536"
    "memorysetup-temp-allocator-size-audio-worker=65536"
    "memorysetup-temp-allocator-size-cloud-worker=32768"
    "memorysetup-temp-allocator-size-gi-baking-worker=262144"
    "memorysetup-temp-allocator-size-gfx=262144"
Player connection [22008] Host "[IP] 192.168.40.16 [Port] 0 [Flags] 2 [Guid] 3878351804 [EditorId] 3878351804 [Version] 1048832 [Id] WindowsEditor(7,DESKTOP-IUVOSN2) [Debug] 1 [PackageName] WindowsEditor [ProjectName] Editor" joined multi-casting on [225.0.0.222:54997]...

Player connection [22008] Host "[IP] 192.168.40.16 [Port] 0 [Flags] 2 [Guid] 3878351804 [EditorId] 3878351804 [Version] 1048832 [Id] WindowsEditor(7,DESKTOP-IUVOSN2) [Debug] 1 [PackageName] WindowsEditor [ProjectName] Editor" joined alternative multi-casting on [225.0.0.222:34997]...

Refreshing native plugins compatible for Editor in 125.96 ms, found 3 plugins.
Preloading 0 native plugins for Editor in 0.00 ms.
Initialize engine version: 2021.3.25f1 (68ef2c4f8861)
[Subsystems] Discovering subsystems at path D:/Unity/2021.3.25f1/Editor/Data/Resources/UnitySubsystems
[Subsystems] Discovering subsystems at path D:/kitchen/kitchen/New Unity Project/Assets
GfxDevice: creating device client; threaded=0; jobified=0
Direct3D:
    Version:  Direct3D 11.0 [level 11.1]
    Renderer: NVIDIA GeForce GTX 1650 (ID=0x1f91)
    Vendor:   NVIDIA
    VRAM:     3964 MB
    Driver:   26.21.14.4614
Initialize mono
Mono path[0] = 'D:/Unity/2021.3.25f1/Editor/Data/Managed'
Mono path[1] = 'D:/Unity/2021.3.25f1/Editor/Data/MonoBleedingEdge/lib/mono/unityjit-win32'
Mono config path = 'D:/Unity/2021.3.25f1/Editor/Data/MonoBleedingEdge/etc'
Using monoOptions --debugger-agent=transport=dt_socket,embedding=1,server=y,suspend=n,address=127.0.0.1:56728
Begin MonoManager ReloadAssembly
Registering precompiled unity dll's ...
Register platform support module: D:/Unity/2021.3.25f1/Editor/Data/PlaybackEngines/AndroidPlayer/UnityEditor.Android.Extensions.dll
Register platform support module: D:/Unity/2021.3.25f1/Editor/Data/PlaybackEngines/WindowsStandaloneSupport/UnityEditor.WindowsStandalone.Extensions.dll
Registered in 0.067679 seconds.
Native extension for WindowsStandalone target not found
Native extension for Android target not found
Android Extension - Scanning For ADB Devices 650 ms
Refreshing native plugins compatible for Editor in 106.91 ms, found 3 plugins.
Preloading 0 native plugins for Editor in 0.00 ms.
Mono: successfully reloaded assembly
- Completed reload, in  2.676 seconds
Domain Reload Profiling:
	ReloadAssembly (2677ms)
		BeginReloadAssembly (694ms)
			ExecutionOrderSort (0ms)
			DisableScriptedObjects (0ms)
			BackupInstance (0ms)
			ReleaseScriptingObjects (0ms)
			CreateAndSetChildDomain (1ms)
		EndReloadAssembly (1679ms)
			LoadAssemblies (717ms)
			RebuildTransferFunctionScriptingTraits (0ms)
			SetupTypeCache (364ms)
			ReleaseScriptCaches (0ms)
			RebuildScriptCaches (51ms)
			SetupLoadedEditorAssemblies (1170ms)
				LogAssemblyErrors (0ms)
				InitializePlatformSupportModulesInManaged (822ms)
				SetLoadedEditorAssemblies (0ms)
				RefreshPlugins (107ms)
				BeforeProcessingInitializeOnLoad (2ms)
				ProcessInitializeOnLoadAttributes (147ms)
				ProcessInitializeOnLoadMethodAttributes (91ms)
				AfterProcessingInitializeOnLoad (0ms)
				EditorAssembliesLoaded (0ms)
			ExecutionOrderSort2 (0ms)
			AwakeInstancesAfterBackupRestoration (0ms)
Platform modules already initialized, skipping
Registering precompiled user dll's ...
Registered in 0.012111 seconds.
Begin MonoManager ReloadAssembly
Symbol file LoadedFromMemory doesn't match image D:\kitchen\kitchen\New Unity Project\Library\PackageCache\com.unity.visualscripting@1.8.0\Editor\VisualScripting.Core\Dependencies\YamlDotNet\Unity.VisualScripting.YamlDotNet.dll
Symbol file LoadedFromMemory doesn't match image D:\kitchen\kitchen\New Unity Project\Library\PackageCache\com.unity.visualscripting@1.8.0\Editor\VisualScripting.Core\Dependencies\DotNetZip\Unity.VisualScripting.IonicZip.dll
Native extension for WindowsStandalone target not found
Native extension for Android target not found
Refreshing native plugins compatible for Editor in 0.98 ms, found 3 plugins.
Preloading 0 native plugins for Editor in 0.00 ms.
Mono: successfully reloaded assembly
- Completed reload, in  2.829 seconds
Domain Reload Profiling:
	ReloadAssembly (2831ms)
		BeginReloadAssembly (232ms)
			ExecutionOrderSort (0ms)
			DisableScriptedObjects (8ms)
			BackupInstance (0ms)
			ReleaseScriptingObjects (0ms)
			CreateAndSetChildDomain (25ms)
		EndReloadAssembly (2314ms)
			LoadAssemblies (989ms)
			RebuildTransferFunctionScriptingTraits (0ms)
			SetupTypeCache (518ms)
			ReleaseScriptCaches (1ms)
			RebuildScriptCaches (90ms)
			SetupLoadedEditorAssemblies (682ms)
				LogAssemblyErrors (0ms)
				InitializePlatformSupportModulesInManaged (36ms)
				SetLoadedEditorAssemblies (1ms)
				RefreshPlugins (1ms)
				BeforeProcessingInitializeOnLoad (126ms)
				ProcessInitializeOnLoadAttributes (476ms)
				ProcessInitializeOnLoadMethodAttributes (36ms)
				AfterProcessingInitializeOnLoad (6ms)
				EditorAssembliesLoaded (0ms)
			ExecutionOrderSort2 (0ms)
			AwakeInstancesAfterBackupRestoration (21ms)
Platform modules already initialized, skipping
========================================================================
Worker process is ready to serve import requests
Launched and connected shader compiler UnityShaderCompiler.exe after 0.38 seconds
Refreshing native plugins compatible for Editor in 0.71 ms, found 3 plugins.
Preloading 0 native plugins for Editor in 0.00 ms.
Unloading 3307 Unused Serialized files (Serialized files now loaded: 0)
Unloading 22 unused Assets / (332.2 KB). Loaded Objects now: 3774.
Memory consumption went from 128.5 MB to 128.2 MB.
Total: 5.102400 ms (FindLiveObjects: 0.541900 ms CreateObjectMapping: 0.326000 ms MarkObjects: 4.005600 ms  DeleteObjects: 0.227000 ms)

AssetImportParameters requested are different than current active one (requested -> active):
  custom:video-decoder-ogg-theora: a1e56fd34408186e4bbccfd4996cb3dc -> 
  custom:container-muxer-webm: aa71ff27fc2769a1b78a27578f13a17b -> 
  custom:container-demuxer-webm: 4f35f7cbe854078d1ac9338744f61a02 -> 
  custom:video-encoder-webm-vp8: eb34c28f22e8b96e1ab97ce403110664 -> 
  custom:audio-encoder-webm-vorbis: bf7c407c2cedff20999df2af8eb42d56 -> 
  custom:framework-win-MediaFoundation: 216162199b28c13a410421893ffa2e32 -> 
  custom:container-demuxer-ogg: 62fdf1f143b41e24485cea50d1cbac27 -> 
  custom:video-decoder-webm-vp8: 9c59270c3fd7afecdb556c50c9e8de78 -> 
  custom:audio-decoder-ogg-vorbis: bf7c407c2cedff20999df2af8eb42d56 -> 
========================================================================
Received Import Request.
  Time since last request: 39873.645127 seconds.
  path: Assets/Alstrainfinite/KitchenAppliances/Models/Seperated For Animation/Fridge.fbx
  artifactKey: Guid(d47242c9dad9fd94da628bcf6fb36c2e) Importer(815301076,1909f56bfc062723c751e8b465ee728b)
Start importing Assets/Alstrainfinite/KitchenAppliances/Models/Seperated For Animation/Fridge.fbx using Guid(d47242c9dad9fd94da628bcf6fb36c2e) Importer(815301076,1909f56bfc062723c751e8b465ee728b)  -> (artifact id: '14c1627b6976d4ee5f23ba4204d93e9b') in 1.169567 seconds 
========================================================================
Received Import Request.
  Time since last request: 0.000057 seconds.
  path: Assets/Alstrainfinite/KitchenAppliances/Models/Mixer.fbx
  artifactKey: Guid(d18450aa2239d6748a7bcc1dacb1c80a) Importer(815301076,1909f56bfc062723c751e8b465ee728b)
Start importing Assets/Alstrainfinite/KitchenAppliances/Models/Mixer.fbx using Guid(d18450aa2239d6748a7bcc1dacb1c80a) Importer(815301076,1909f56bfc062723c751e8b465ee728b)  -> (artifact id: 'ecc9e6b587eb3c116895fad7705153a1') in 0.265069 seconds 
========================================================================
Received Import Request.
  Time since last request: 0.000048 seconds.
  path: Assets/Alstrainfinite/KitchenAppliances/Models/Seperated For Animation/Washer.fbx
  artifactKey: Guid(8b5c6df027335f643a26ec88baebf5d5) Importer(815301076,1909f56bfc062723c751e8b465ee728b)
Start importing Assets/Alstrainfinite/KitchenAppliances/Models/Seperated For Animation/Washer.fbx using Guid(8b5c6df027335f643a26ec88baebf5d5) Importer(815301076,1909f56bfc062723c751e8b465ee728b)  -> (artifact id: '73c08ea560bbd2a87977f3b412aab194') in 0.196879 seconds 
========================================================================
Received Import Request.
  Time since last request: 0.000265 seconds.
  path: Assets/Alstrainfinite/KitchenAppliances/Models/FanV2.fbx
  artifactKey: Guid(c77e880e4f8b4c14a9a7d8350f9d0ce1) Importer(815301076,1909f56bfc062723c751e8b465ee728b)
Start importing Assets/Alstrainfinite/KitchenAppliances/Models/FanV2.fbx using Guid(c77e880e4f8b4c14a9a7d8350f9d0ce1) Importer(815301076,1909f56bfc062723c751e8b465ee728b)  -> (artifact id: 'f0a62fe3d088a43fd395adf348771056') in 0.203053 seconds 
========================================================================
Received Import Request.
  Time since last request: 0.000058 seconds.
  path: Assets/Alstrainfinite/KitchenAppliances/Models/Washer.fbx
  artifactKey: Guid(f1da24e6f87f419458e1913c5a2fe03b) Importer(815301076,1909f56bfc062723c751e8b465ee728b)
Start importing Assets/Alstrainfinite/KitchenAppliances/Models/Washer.fbx using Guid(f1da24e6f87f419458e1913c5a2fe03b) Importer(815301076,1909f56bfc062723c751e8b465ee728b)  -> (artifact id: 'ec7c809fbb848c086cbfa68dccd65a27') in 0.160234 seconds 
========================================================================
Received Import Request.
  Time since last request: 0.000027 seconds.
  path: Assets/Alstrainfinite/KitchenAppliances/Models/Seperated For Animation/Fridge_SBS.fbx
  artifactKey: Guid(4ef85326d2b48fb48bee81014892b40d) Importer(815301076,1909f56bfc062723c751e8b465ee728b)
Start importing Assets/Alstrainfinite/KitchenAppliances/Models/Seperated For Animation/Fridge_SBS.fbx using Guid(4ef85326d2b48fb48bee81014892b40d) Importer(815301076,1909f56bfc062723c751e8b465ee728b)  -> (artifact id: 'fedac94abafbdf9cc83fb1540b28795a') in 0.213868 seconds 
========================================================================
Received Import Request.
  Time since last request: 0.000039 seconds.
  path: Assets/Alstrainfinite/KitchenAppliances/Models/Seperated For Animation/Stove.fbx
  artifactKey: Guid(18925ea6c93987e49979c5fcda598980) Importer(815301076,1909f56bfc062723c751e8b465ee728b)
Start importing Assets/Alstrainfinite/KitchenAppliances/Models/Seperated For Animation/Stove.fbx using Guid(18925ea6c93987e49979c5fcda598980) Importer(815301076,1909f56bfc062723c751e8b465ee728b)  -> (artifact id: 'ac4cf42e9f0e53d6ffc1a1b933541d28') in 0.275691 seconds 
========================================================================
Received Import Request.
  Time since last request: 0.000087 seconds.
  path: Assets/Alstrainfinite/KitchenAppliances/Models/Seperated For Animation/Coffee Maker.fbx
  artifactKey: Guid(41a656146f36f7a4287ca6e8bf87248d) Importer(815301076,1909f56bfc062723c751e8b465ee728b)
Start importing Assets/Alstrainfinite/KitchenAppliances/Models/Seperated For Animation/Coffee Maker.fbx using Guid(41a656146f36f7a4287ca6e8bf87248d) Importer(815301076,1909f56bfc062723c751e8b465ee728b)  -> (artifact id: 'b85fb7a0db36225be8ef5ae73595c558') in 0.172179 seconds 
========================================================================
Received Import Request.
  Time since last request: 0.000021 seconds.
  path: Assets/Alstrainfinite/KitchenAppliances/Models/Seperated For Animation/Dryer.fbx
  artifactKey: Guid(da85c7832cc94284ea2e41c9715697e5) Importer(815301076,1909f56bfc062723c751e8b465ee728b)
Start importing Assets/Alstrainfinite/KitchenAppliances/Models/Seperated For Animation/Dryer.fbx using Guid(da85c7832cc94284ea2e41c9715697e5) Importer(815301076,1909f56bfc062723c751e8b465ee728b)  -> (artifact id: 'ddd2219a9a33f8cc9c8f8caabc088733') in 0.221149 seconds 
========================================================================
Received Import Request.
  Time since last request: 0.000024 seconds.
  path: Assets/Alstrainfinite/KitchenAppliances/Models/Seperated For Animation
  artifactKey: Guid(57d7cd2539f065b49830e264668c6083) Importer(815301076,1909f56bfc062723c751e8b465ee728b)
Start importing Assets/Alstrainfinite/KitchenAppliances/Models/Seperated For Animation using Guid(57d7cd2539f065b49830e264668c6083) Importer(815301076,1909f56bfc062723c751e8b465ee728b)  -> (artifact id: '7c59963606fa74d29d40330cafe250fa') in 0.163218 seconds 
========================================================================
Received Import Request.
  Time since last request: 0.000034 seconds.
  path: Assets/Alstrainfinite/KitchenAppliances/Models/Stovetop.fbx
  artifactKey: Guid(01bb90b911a563f4997a757b1861c000) Importer(815301076,1909f56bfc062723c751e8b465ee728b)
Start importing Assets/Alstrainfinite/KitchenAppliances/Models/Stovetop.fbx using Guid(01bb90b911a563f4997a757b1861c000) Importer(815301076,1909f56bfc062723c751e8b465ee728b)  -> (artifact id: '9cafc238b9dea247afae446796a72d58') in 0.247341 seconds 
========================================================================
Received Import Request.
  Time since last request: 0.000047 seconds.
  path: Assets/Alstrainfinite/KitchenAppliances/Models/Seperated For Animation/AirFryer.fbx
  artifactKey: Guid(0ac85a8a32feb7f43b8246c295d7a2f9) Importer(815301076,1909f56bfc062723c751e8b465ee728b)
Start importing Assets/Alstrainfinite/KitchenAppliances/Models/Seperated For Animation/AirFryer.fbx using Guid(0ac85a8a32feb7f43b8246c295d7a2f9) Importer(815301076,1909f56bfc062723c751e8b465ee728b)  -> (artifact id: '5386f741ecd2c1646fa653f3025756b3') in 0.268067 seconds 
========================================================================
Received Prepare
Registering precompiled user dll's ...
Registered in 0.009896 seconds.
Begin MonoManager ReloadAssembly
Symbol file LoadedFromMemory doesn't match image D:\kitchen\kitchen\New Unity Project\Library\PackageCache\com.unity.visualscripting@1.8.0\Editor\VisualScripting.Core\Dependencies\YamlDotNet\Unity.VisualScripting.YamlDotNet.dll
Symbol file LoadedFromMemory doesn't match image D:\kitchen\kitchen\New Unity Project\Library\PackageCache\com.unity.visualscripting@1.8.0\Editor\VisualScripting.Core\Dependencies\DotNetZip\Unity.VisualScripting.IonicZip.dll
Native extension for WindowsStandalone target not found
Native extension for Android target not found
Refreshing native plugins compatible for Editor in 0.82 ms, found 3 plugins.
Preloading 0 native plugins for Editor in 0.00 ms.
Mono: successfully reloaded assembly
- Completed reload, in  2.307 seconds
Domain Reload Profiling:
	ReloadAssembly (2308ms)
		BeginReloadAssembly (423ms)
			ExecutionOrderSort (0ms)
			DisableScriptedObjects (10ms)
			BackupInstance (0ms)
			ReleaseScriptingObjects (0ms)
			CreateAndSetChildDomain (89ms)
		EndReloadAssembly (1674ms)
			LoadAssemblies (339ms)
			RebuildTransferFunctionScriptingTraits (0ms)
			SetupTypeCache (534ms)
			ReleaseScriptCaches (2ms)
			RebuildScriptCaches (108ms)
			SetupLoadedEditorAssemblies (701ms)
				LogAssemblyErrors (0ms)
				InitializePlatformSupportModulesInManaged (52ms)
				SetLoadedEditorAssemblies (1ms)
				RefreshPlugins (1ms)
				BeforeProcessingInitializeOnLoad (121ms)
				ProcessInitializeOnLoadAttributes (475ms)
				ProcessInitializeOnLoadMethodAttributes (45ms)
				AfterProcessingInitializeOnLoad (6ms)
				EditorAssembliesLoaded (0ms)
			ExecutionOrderSort2 (0ms)
			AwakeInstancesAfterBackupRestoration (27ms)
Platform modules already initialized, skipping
Refreshing native plugins compatible for Editor in 2.16 ms, found 3 plugins.
Preloading 0 native plugins for Editor in 0.00 ms.
Unloading 3281 Unused Serialized files (Serialized files now loaded: 0)
Unloading 15 unused Assets / (71.5 KB). Loaded Objects now: 3820.
Memory consumption went from 126.3 MB to 126.2 MB.
Total: 3.725900 ms (FindLiveObjects: 0.325000 ms CreateObjectMapping: 0.229400 ms MarkObjects: 3.084200 ms  DeleteObjects: 0.085500 ms)

AssetImportParameters requested are different than current active one (requested -> active):
  custom:video-decoder-ogg-theora: a1e56fd34408186e4bbccfd4996cb3dc -> 
  custom:container-muxer-webm: aa71ff27fc2769a1b78a27578f13a17b -> 
  custom:container-demuxer-webm: 4f35f7cbe854078d1ac9338744f61a02 -> 
  custom:video-encoder-webm-vp8: eb34c28f22e8b96e1ab97ce403110664 -> 
  custom:audio-encoder-webm-vorbis: bf7c407c2cedff20999df2af8eb42d56 -> 
  custom:framework-win-MediaFoundation: 216162199b28c13a410421893ffa2e32 -> 
  custom:container-demuxer-ogg: 62fdf1f143b41e24485cea50d1cbac27 -> 
  custom:video-decoder-webm-vp8: 9c59270c3fd7afecdb556c50c9e8de78 -> 
  custom:audio-decoder-ogg-vorbis: bf7c407c2cedff20999df2af8eb42d56 -> 
========================================================================
Received Import Request.
  Time since last request: 1245.672982 seconds.
  path: Assets/Food Pack-Demo/Mesh/Bell pepper green.fbx
  artifactKey: Guid(b2bd321d9d4d86f4abfd6229b2605d1d) Importer(815301076,1909f56bfc062723c751e8b465ee728b)
Start importing Assets/Food Pack-Demo/Mesh/Bell pepper green.fbx using Guid(b2bd321d9d4d86f4abfd6229b2605d1d) Importer(815301076,1909f56bfc062723c751e8b465ee728b)  -> (artifact id: 'f19a390f98950e1eed80dedbd76144e3') in 0.614361 seconds 
========================================================================
Received Import Request.
  Time since last request: 0.000066 seconds.
  path: Assets/Food Pack-Demo/Mesh/Melon Piece.fbx
  artifactKey: Guid(ed63170978d948f4ebf8c96d68285176) Importer(815301076,1909f56bfc062723c751e8b465ee728b)
Start importing Assets/Food Pack-Demo/Mesh/Melon Piece.fbx using Guid(ed63170978d948f4ebf8c96d68285176) Importer(815301076,1909f56bfc062723c751e8b465ee728b)  -> (artifact id: '458179385de2a30e9768b60be5463fea') in 0.042198 seconds 
========================================================================
Received Import Request.
  Time since last request: 0.000165 seconds.
  path: Assets/Food Pack-Demo/Mesh/Soda bottle Glass A.fbx
  artifactKey: Guid(4f17a825b234ea040991e5b97178515a) Importer(815301076,1909f56bfc062723c751e8b465ee728b)
Start importing Assets/Food Pack-Demo/Mesh/Soda bottle Glass A.fbx using Guid(4f17a825b234ea040991e5b97178515a) Importer(815301076,1909f56bfc062723c751e8b465ee728b)  -> (artifact id: '2aade6a8b690aea91392ebe85059a722') in 0.065016 seconds 
========================================================================
Received Import Request.
  Time since last request: 0.000054 seconds.
  path: Assets/Food Pack-Demo/Mesh/Bundt Cake.fbx
  artifactKey: Guid(323aa9268390ee048920630e3337dc5a) Importer(815301076,1909f56bfc062723c751e8b465ee728b)
Start importing Assets/Food Pack-Demo/Mesh/Bundt Cake.fbx using Guid(323aa9268390ee048920630e3337dc5a) Importer(815301076,1909f56bfc062723c751e8b465ee728b)  -> (artifact id: '0c5dc2b4c1e2b70aaffa3f8409cca10a') in 0.061689 seconds 
========================================================================
Received Import Request.
  Time since last request: 0.000053 seconds.
  path: Assets/Food Pack-Demo/Mesh/Frappe B.fbx
  artifactKey: Guid(2c5f7338ca981914d95bd056f366d9b1) Importer(815301076,1909f56bfc062723c751e8b465ee728b)
Start importing Assets/Food Pack-Demo/Mesh/Frappe B.fbx using Guid(2c5f7338ca981914d95bd056f366d9b1) Importer(815301076,1909f56bfc062723c751e8b465ee728b)  -> (artifact id: '9a2bf8982684558c7b457db7f5095645') in 0.067783 seconds 
========================================================================
Received Import Request.
  Time since last request: 0.000061 seconds.
  path: Assets/Food Pack-Demo/Mesh/Hotdog A.fbx
  artifactKey: Guid(91df8a4f734646d43af41a4ed7ef5983) Importer(815301076,1909f56bfc062723c751e8b465ee728b)
Start importing Assets/Food Pack-Demo/Mesh/Hotdog A.fbx using Guid(91df8a4f734646d43af41a4ed7ef5983) Importer(815301076,1909f56bfc062723c751e8b465ee728b)  -> (artifact id: '8859b15afb7b282cd4128a0444fd6b67') in 0.053598 seconds 
========================================================================
Received Import Request.
  Time since last request: 0.000061 seconds.
  path: Assets/Food Pack-Demo/Mesh/Salami slice A.fbx
  artifactKey: Guid(d6fce6b8548532847a260108fc2cd2ca) Importer(815301076,1909f56bfc062723c751e8b465ee728b)
Start importing Assets/Food Pack-Demo/Mesh/Salami slice A.fbx using Guid(d6fce6b8548532847a260108fc2cd2ca) Importer(815301076,1909f56bfc062723c751e8b465ee728b)  -> (artifact id: '96ba2300c8d623fdfed71ac120357126') in 0.064885 seconds 
========================================================================
Received Import Request.
  Time since last request: 0.000053 seconds.
  path: Assets/Food Pack-Demo/Mesh/Peach half no seed.fbx
  artifactKey: Guid(32fc5ae8877ddf848aa772d51ca36350) Importer(815301076,1909f56bfc062723c751e8b465ee728b)
Start importing Assets/Food Pack-Demo/Mesh/Peach half no seed.fbx using Guid(32fc5ae8877ddf848aa772d51ca36350) Importer(815301076,1909f56bfc062723c751e8b465ee728b)  -> (artifact id: 'bacb4cac8b26e31dbc35e6b585a4bdcf') in 0.083284 seconds 
========================================================================
Received Import Request.
  Time since last request: 0.000091 seconds.
  path: Assets/Food Pack-Demo/Mesh/Salami A.fbx
  artifactKey: Guid(3bc9d63909ed48241b8846cf2fdef9ea) Importer(815301076,1909f56bfc062723c751e8b465ee728b)
Start importing Assets/Food Pack-Demo/Mesh/Salami A.fbx using Guid(3bc9d63909ed48241b8846cf2fdef9ea) Importer(815301076,1909f56bfc062723c751e8b465ee728b)  -> (artifact id: '9061dd93d82c60f83c8107dffdaffa3e') in 0.025841 seconds 
========================================================================
Received Import Request.
  Time since last request: 0.000042 seconds.
  path: Assets/Food Pack-Demo/Mesh/Candy Cane B.fbx
  artifactKey: Guid(c4e8ab22afb1f134f932480d572fe913) Importer(815301076,1909f56bfc062723c751e8b465ee728b)
Start importing Assets/Food Pack-Demo/Mesh/Candy Cane B.fbx using Guid(c4e8ab22afb1f134f932480d572fe913) Importer(815301076,1909f56bfc062723c751e8b465ee728b)  -> (artifact id: 'fce1ecb01e8630cdbdd316b9fed1b6d5') in 0.034408 seconds 
========================================================================
Received Import Request.
  Time since last request: 0.000050 seconds.
  path: Assets/Food Pack-Demo/Mesh/Soda can C.fbx
  artifactKey: Guid(d6c698db7cb0ec24fb918fe80eec208d) Importer(815301076,1909f56bfc062723c751e8b465ee728b)
Start importing Assets/Food Pack-Demo/Mesh/Soda can C.fbx using Guid(d6c698db7cb0ec24fb918fe80eec208d) Importer(815301076,1909f56bfc062723c751e8b465ee728b)  -> (artifact id: 'd219d90a8304fe19f1ad2f3151789dde') in 0.043008 seconds 
========================================================================
Received Import Request.
  Time since last request: 0.000042 seconds.
  path: Assets/Food Pack-Demo/Mesh/Melon half.fbx
  artifactKey: Guid(213c5fc6d0f35ad40961a09b076dfcb7) Importer(815301076,1909f56bfc062723c751e8b465ee728b)
Start importing Assets/Food Pack-Demo/Mesh/Melon half.fbx using Guid(213c5fc6d0f35ad40961a09b076dfcb7) Importer(815301076,1909f56bfc062723c751e8b465ee728b)  -> (artifact id: '739983d4a711663ab80091f91209d6e0') in 0.068305 seconds 
========================================================================
Received Import Request.
  Time since last request: 0.000061 seconds.
  path: Assets/Food Pack-Demo/Mesh/Pizza Margarita Slice.fbx
  artifactKey: Guid(7bede346f9d49684085855be768a2b03) Importer(815301076,1909f56bfc062723c751e8b465ee728b)
Start importing Assets/Food Pack-Demo/Mesh/Pizza Margarita Slice.fbx using Guid(7bede346f9d49684085855be768a2b03) Importer(815301076,1909f56bfc062723c751e8b465ee728b)  -> (artifact id: '59fc2801603e91c12cb88242a5e82968') in 0.036939 seconds 
========================================================================
Received Import Request.
  Time since last request: 0.000024 seconds.
  path: Assets/Food Pack-Demo/Mesh/Salmon.fbx
  artifactKey: Guid(a9b2fe35a167c904693b59a94f5d74c8) Importer(815301076,1909f56bfc062723c751e8b465ee728b)
Start importing Assets/Food Pack-Demo/Mesh/Salmon.fbx using Guid(a9b2fe35a167c904693b59a94f5d74c8) Importer(815301076,1909f56bfc062723c751e8b465ee728b)  -> (artifact id: 'a757300b3d90bea91185d08bc72dc16d') in 0.041962 seconds 
========================================================================
Received Import Request.
  Time since last request: 0.000056 seconds.
  path: Assets/Food Pack-Demo/Mesh/Swirl lollipop C.fbx
  artifactKey: Guid(bf55125ab89421b4ba245dfe3a5138c8) Importer(815301076,1909f56bfc062723c751e8b465ee728b)
Start importing Assets/Food Pack-Demo/Mesh/Swirl lollipop C.fbx using Guid(bf55125ab89421b4ba245dfe3a5138c8) Importer(815301076,1909f56bfc062723c751e8b465ee728b)  -> (artifact id: '39610a19d1cbda89f627b75239bcb98b') in 0.055062 seconds 
========================================================================
Received Import Request.
  Time since last request: 0.000313 seconds.
  path: Assets/Food Pack-Demo/Mesh/Lamb Chop.fbx
  artifactKey: Guid(3d67b34b3f03a1a46917d0afe3b6eef0) Importer(815301076,1909f56bfc062723c751e8b465ee728b)
Start importing Assets/Food Pack-Demo/Mesh/Lamb Chop.fbx using Guid(3d67b34b3f03a1a46917d0afe3b6eef0) Importer(815301076,1909f56bfc062723c751e8b465ee728b)  -> (artifact id: '6765fdd3547932426f2d530bd4ec98a4') in 0.048363 seconds 
========================================================================
Received Import Request.
  Time since last request: 0.000075 seconds.
  path: Assets/Food Pack-Demo/Mesh/Cheesecake B.fbx
  artifactKey: Guid(b65fd74097925ad4abad83ba11c077d9) Importer(815301076,1909f56bfc062723c751e8b465ee728b)
Start importing Assets/Food Pack-Demo/Mesh/Cheesecake B.fbx using Guid(b65fd74097925ad4abad83ba11c077d9) Importer(815301076,1909f56bfc062723c751e8b465ee728b)  -> (artifact id: '507087251f90dbab88368e4dac553300') in 0.059471 seconds 
========================================================================
Received Import Request.
  Time since last request: 0.000026 seconds.
  path: Assets/Food Pack-Demo/Mesh/Peach half with seed.fbx
  artifactKey: Guid(b0c5223077e7edc4c86e4e00d9c757ee) Importer(815301076,1909f56bfc062723c751e8b465ee728b)
Start importing Assets/Food Pack-Demo/Mesh/Peach half with seed.fbx using Guid(b0c5223077e7edc4c86e4e00d9c757ee) Importer(815301076,1909f56bfc062723c751e8b465ee728b)  -> (artifact id: '6f4aecd7d191fd7b4c27e4fff5893853') in 0.046942 seconds 
========================================================================
Received Import Request.
  Time since last request: 0.000032 seconds.
  path: Assets/Food Pack-Demo/Mesh/Bundt Cake Piece.fbx
  artifactKey: Guid(170013b156b2fec4aa4c3361eb197783) Importer(815301076,1909f56bfc062723c751e8b465ee728b)
Start importing Assets/Food Pack-Demo/Mesh/Bundt Cake Piece.fbx using Guid(170013b156b2fec4aa4c3361eb197783) Importer(815301076,1909f56bfc062723c751e8b465ee728b)  -> (artifact id: '1fa287ae40d31f97e3877101232910d9') in 0.072106 seconds 
========================================================================
Received Import Request.
  Time since last request: 0.000112 seconds.
  path: Assets/Food Pack-Demo/Mesh/Doughnut H.fbx
  artifactKey: Guid(5f9c4456209377443bf91f23716ae8dc) Importer(815301076,1909f56bfc062723c751e8b465ee728b)
Start importing Assets/Food Pack-Demo/Mesh/Doughnut H.fbx using Guid(5f9c4456209377443bf91f23716ae8dc) Importer(815301076,1909f56bfc062723c751e8b465ee728b)  -> (artifact id: '3385908d72acc34b5b57fe7dba191577') in 0.051789 seconds 
========================================================================
Received Import Request.
  Time since last request: 0.000039 seconds.
  path: Assets/Food Pack-Demo/Mesh/Salmon skeleton.fbx
  artifactKey: Guid(a0aa35e84168d8041b1be4b0c0a346ad) Importer(815301076,1909f56bfc062723c751e8b465ee728b)
Start importing Assets/Food Pack-Demo/Mesh/Salmon skeleton.fbx using Guid(a0aa35e84168d8041b1be4b0c0a346ad) Importer(815301076,1909f56bfc062723c751e8b465ee728b)  -> (artifact id: '1ddcd2677855d88665025d0219ff2396') in 0.051569 seconds 
========================================================================
Received Import Request.
  Time since last request: 0.000048 seconds.
  path: Assets/Food Pack-Demo/Mesh/Curry plate.fbx
  artifactKey: Guid(3dfb58f22f566b1458e7d1ce6c6538bb) Importer(815301076,1909f56bfc062723c751e8b465ee728b)
Start importing Assets/Food Pack-Demo/Mesh/Curry plate.fbx using Guid(3dfb58f22f566b1458e7d1ce6c6538bb) Importer(815301076,1909f56bfc062723c751e8b465ee728b)  -> (artifact id: 'ee3176a7dba360cdd2cad340e869c118') in 0.073132 seconds 
========================================================================
Received Import Request.
  Time since last request: 0.000041 seconds.
  path: Assets/Food Pack-Demo/Mesh/Coffee Cup C.fbx
  artifactKey: Guid(3c258662faa56ed4e90c2bf720e6f136) Importer(815301076,1909f56bfc062723c751e8b465ee728b)
Start importing Assets/Food Pack-Demo/Mesh/Coffee Cup C.fbx using Guid(3c258662faa56ed4e90c2bf720e6f136) Importer(815301076,1909f56bfc062723c751e8b465ee728b)  -> (artifact id: 'a62e3c0926e1190927f3222eb87a6abe') in 0.055754 seconds 
========================================================================
Received Import Request.
  Time since last request: 0.000033 seconds.
  path: Assets/Food Pack-Demo/Mesh/Bundt Cake cut.fbx
  artifactKey: Guid(1da8cd687b7cd2c4aa96694efbefc8ab) Importer(815301076,1909f56bfc062723c751e8b465ee728b)
Start importing Assets/Food Pack-Demo/Mesh/Bundt Cake cut.fbx using Guid(1da8cd687b7cd2c4aa96694efbefc8ab) Importer(815301076,1909f56bfc062723c751e8b465ee728b)  -> (artifact id: 'd95549ae2728e1475252517fc11bdb65') in 0.053931 seconds 
========================================================================
Received Import Request.
  Time since last request: 0.000042 seconds.
  path: Assets/Food Pack-Demo/Mesh/Peach.fbx
  artifactKey: Guid(553aeeace5f1a79458cc15838e4219fc) Importer(815301076,1909f56bfc062723c751e8b465ee728b)
Start importing Assets/Food Pack-Demo/Mesh/Peach.fbx using Guid(553aeeace5f1a79458cc15838e4219fc) Importer(815301076,1909f56bfc062723c751e8b465ee728b)  -> (artifact id: 'e179885af2ed1e5deb089b2e2d1f1e59') in 0.053740 seconds 
========================================================================
Received Import Request.
  Time since last request: 18.465893 seconds.
  path: Assets/Food Pack-Demo/Materials/Glass.mat
  artifactKey: Guid(b133b755a13992d4e820112f19c845cc) Importer(815301076,1909f56bfc062723c751e8b465ee728b)
Start importing Assets/Food Pack-Demo/Materials/Glass.mat using Guid(b133b755a13992d4e820112f19c845cc) Importer(815301076,1909f56bfc062723c751e8b465ee728b)  -> (artifact id: '13272f0c5fc720c4f2a0a642eb70e964') in 0.174312 seconds 
========================================================================
Received Import Request.
  Time since last request: 0.000029 seconds.
  path: Assets/Food Pack-Demo/Materials/Ground.mat
  artifactKey: Guid(945a79448b80295429dcfa63e188bebf) Importer(815301076,1909f56bfc062723c751e8b465ee728b)
Start importing Assets/Food Pack-Demo/Materials/Ground.mat using Guid(945a79448b80295429dcfa63e188bebf) Importer(815301076,1909f56bfc062723c751e8b465ee728b)  -> (artifact id: '06cf7f81b5591dca32f6867e2324e7f3') in 0.036747 seconds 
========================================================================
Received Import Request.
  Time since last request: 2.738046 seconds.
  path: Assets/Food Pack-Demo/Mesh Collider/Bell pepper_collider.fbx
  artifactKey: Guid(1a06c2b937de54447adb6a6b8e3645d5) Importer(815301076,1909f56bfc062723c751e8b465ee728b)
Start importing Assets/Food Pack-Demo/Mesh Collider/Bell pepper_collider.fbx using Guid(1a06c2b937de54447adb6a6b8e3645d5) Importer(815301076,1909f56bfc062723c751e8b465ee728b)  -> (artifact id: '1807de9b74534137d28788a940c91b92') in 0.045078 seconds 
========================================================================
Received Import Request.
  Time since last request: 0.000026 seconds.
  path: Assets/Food Pack-Demo/Mesh Collider/Cookies_collider.fbx
  artifactKey: Guid(f2edf4816ffe3b048b481f603c027740) Importer(815301076,1909f56bfc062723c751e8b465ee728b)
Start importing Assets/Food Pack-Demo/Mesh Collider/Cookies_collider.fbx using Guid(f2edf4816ffe3b048b481f603c027740) Importer(815301076,1909f56bfc062723c751e8b465ee728b)  -> (artifact id: 'b787e81785b2267eeb9e1925de46bac3') in 0.044105 seconds 
========================================================================
Received Import Request.
  Time since last request: 0.000044 seconds.
  path: Assets/Food Pack-Demo/Mesh Collider/Peach_collider.fbx
  artifactKey: Guid(a1a8aa6b73de9a748a7ed4d3b2f18c1d) Importer(815301076,1909f56bfc062723c751e8b465ee728b)
Start importing Assets/Food Pack-Demo/Mesh Collider/Peach_collider.fbx using Guid(a1a8aa6b73de9a748a7ed4d3b2f18c1d) Importer(815301076,1909f56bfc062723c751e8b465ee728b)  -> (artifact id: '7863c69f3a605fbe08fecf0af6a4735f') in 0.060746 seconds 
========================================================================
Received Import Request.
  Time since last request: 0.000043 seconds.
  path: Assets/Food Pack-Demo/Mesh Collider/Peach slice_collider.fbx
  artifactKey: Guid(357c1d09d4a30e7419e17ea2cbe88d00) Importer(815301076,1909f56bfc062723c751e8b465ee728b)
Start importing Assets/Food Pack-Demo/Mesh Collider/Peach slice_collider.fbx using Guid(357c1d09d4a30e7419e17ea2cbe88d00) Importer(815301076,1909f56bfc062723c751e8b465ee728b)  -> (artifact id: '4c0b7e6849e36077a3808dfb518d5c77') in 0.051421 seconds 
========================================================================
Received Import Request.
  Time since last request: 0.000063 seconds.
  path: Assets/Food Pack-Demo/Mesh Collider/Sake cup B+C_collider.fbx
  artifactKey: Guid(f1c12987d80023f41aaafd034260c0bb) Importer(815301076,1909f56bfc062723c751e8b465ee728b)
Start importing Assets/Food Pack-Demo/Mesh Collider/Sake cup B+C_collider.fbx using Guid(f1c12987d80023f41aaafd034260c0bb) Importer(815301076,1909f56bfc062723c751e8b465ee728b)  -> (artifact id: 'bf67c0847706ff0780451a28c4ad8407') in 0.064481 seconds 
========================================================================
Received Import Request.
  Time since last request: 0.000046 seconds.
  path: Assets/Food Pack-Demo/Mesh Collider/Lamb Chop Cooked.fbx
  artifactKey: Guid(80cd47290a502774fb319b34348e79d8) Importer(815301076,1909f56bfc062723c751e8b465ee728b)
Start importing Assets/Food Pack-Demo/Mesh Collider/Lamb Chop Cooked.fbx using Guid(80cd47290a502774fb319b34348e79d8) Importer(815301076,1909f56bfc062723c751e8b465ee728b)  -> (artifact id: 'c67a4969638392b269bafb7eaf4d8209') in 0.042240 seconds 
========================================================================
Received Import Request.
  Time since last request: 0.000060 seconds.
  path: Assets/Food Pack-Demo/Mesh Collider/Salami cut A_collider.fbx
  artifactKey: Guid(be7a40b8700fd754faa49f39420d02ab) Importer(815301076,1909f56bfc062723c751e8b465ee728b)
Start importing Assets/Food Pack-Demo/Mesh Collider/Salami cut A_collider.fbx using Guid(be7a40b8700fd754faa49f39420d02ab) Importer(815301076,1909f56bfc062723c751e8b465ee728b)  -> (artifact id: '6a79fe5b45eb7a6ce7e6be71d76b9938') in 0.066313 seconds 
========================================================================
Received Import Request.
  Time since last request: 0.000036 seconds.
  path: Assets/Food Pack-Demo/Mesh Collider/Salmon plastic tray.fbx
  artifactKey: Guid(0d9b95d038eabeb49a2bd2baf78d7795) Importer(815301076,1909f56bfc062723c751e8b465ee728b)
Start importing Assets/Food Pack-Demo/Mesh Collider/Salmon plastic tray.fbx using Guid(0d9b95d038eabeb49a2bd2baf78d7795) Importer(815301076,1909f56bfc062723c751e8b465ee728b)  -> (artifact id: '349735391ae3cacb7a0bb3f248a30cd9') in 0.055019 seconds 
========================================================================
Received Import Request.
  Time since last request: 0.000045 seconds.
  path: Assets/Food Pack-Demo/Mesh Collider/Pizza cut_collider.fbx
  artifactKey: Guid(ecc67601b0b9b0948968bee6b25e8cad) Importer(815301076,1909f56bfc062723c751e8b465ee728b)
Start importing Assets/Food Pack-Demo/Mesh Collider/Pizza cut_collider.fbx using Guid(ecc67601b0b9b0948968bee6b25e8cad) Importer(815301076,1909f56bfc062723c751e8b465ee728b)  -> (artifact id: 'e0e6cb9d6c78c82e133178f20b715bef') in 0.053987 seconds 
========================================================================
Received Import Request.
  Time since last request: 0.000056 seconds.
  path: Assets/Food Pack-Demo/Mesh Collider/Maki 1_collider.fbx
  artifactKey: Guid(62643617377c08940995495ef5c31989) Importer(815301076,1909f56bfc062723c751e8b465ee728b)
Start importing Assets/Food Pack-Demo/Mesh Collider/Maki 1_collider.fbx using Guid(62643617377c08940995495ef5c31989) Importer(815301076,1909f56bfc062723c751e8b465ee728b)  -> (artifact id: 'df8f0d5df7268f6240bc58d1dacbf4b4') in 0.054400 seconds 
========================================================================
Received Import Request.
  Time since last request: 0.000043 seconds.
  path: Assets/Food Pack-Demo/Mesh Collider/Salmon fillet_collider.fbx
  artifactKey: Guid(8a9ba59695bc12443b8e3bf8231e8334) Importer(815301076,1909f56bfc062723c751e8b465ee728b)
Start importing Assets/Food Pack-Demo/Mesh Collider/Salmon fillet_collider.fbx using Guid(8a9ba59695bc12443b8e3bf8231e8334) Importer(815301076,1909f56bfc062723c751e8b465ee728b)  -> (artifact id: 'e153f1d472fafdc8c7f993aaa39f2b87') in 0.082320 seconds 
========================================================================
Received Import Request.
  Time since last request: 0.000052 seconds.
  path: Assets/Food Pack-Demo/Mesh Collider/Lamb leg_collider.fbx
  artifactKey: Guid(0600cd3d1155a0e4c8f29944aba6ff0c) Importer(815301076,1909f56bfc062723c751e8b465ee728b)
Start importing Assets/Food Pack-Demo/Mesh Collider/Lamb leg_collider.fbx using Guid(0600cd3d1155a0e4c8f29944aba6ff0c) Importer(815301076,1909f56bfc062723c751e8b465ee728b)  -> (artifact id: 'bd7fa6292ecfd829117bf67d310dcd09') in 0.046521 seconds 
========================================================================
Received Import Request.
  Time since last request: 0.000035 seconds.
  path: Assets/Food Pack-Demo/Mesh Collider/Salami slice A_collider.fbx
  artifactKey: Guid(b325b4ca77e53d44399c376217af7ed1) Importer(815301076,1909f56bfc062723c751e8b465ee728b)
Start importing Assets/Food Pack-Demo/Mesh Collider/Salami slice A_collider.fbx using Guid(b325b4ca77e53d44399c376217af7ed1) Importer(815301076,1909f56bfc062723c751e8b465ee728b)  -> (artifact id: '8654da5e239d2e7312f2f74f7164bf2a') in 0.057225 seconds 
========================================================================
Received Import Request.
  Time since last request: 0.000046 seconds.
  path: Assets/Food Pack-Demo/Mesh Collider/Candy Cane_collider 1.fbx
  artifactKey: Guid(423ce839abb28cd40862b9c05e0dfbba) Importer(815301076,1909f56bfc062723c751e8b465ee728b)
Start importing Assets/Food Pack-Demo/Mesh Collider/Candy Cane_collider 1.fbx using Guid(423ce839abb28cd40862b9c05e0dfbba) Importer(815301076,1909f56bfc062723c751e8b465ee728b)  -> (artifact id: 'a1655de9e9adf23c93327c733ebbe67e') in 0.048242 seconds 
========================================================================
Received Import Request.
  Time since last request: 0.000053 seconds.
  path: Assets/Food Pack-Demo/Mesh Collider/Chopsticks holder_collider.fbx
  artifactKey: Guid(0521dc6fa27ae314c980f3d0391ae6b1) Importer(815301076,1909f56bfc062723c751e8b465ee728b)
Start importing Assets/Food Pack-Demo/Mesh Collider/Chopsticks holder_collider.fbx using Guid(0521dc6fa27ae314c980f3d0391ae6b1) Importer(815301076,1909f56bfc062723c751e8b465ee728b)  -> (artifact id: '5ab579372cc42a432b2069717bf89117') in 0.056858 seconds 
========================================================================
Received Import Request.
  Time since last request: 0.000045 seconds.
  path: Assets/Food Pack-Demo/Mesh Collider/Salami slice A.fbx
  artifactKey: Guid(771737e57e14016408e53fa8529170f0) Importer(815301076,1909f56bfc062723c751e8b465ee728b)
Start importing Assets/Food Pack-Demo/Mesh Collider/Salami slice A.fbx using Guid(771737e57e14016408e53fa8529170f0) Importer(815301076,1909f56bfc062723c751e8b465ee728b)  -> (artifact id: '4a948e1f67a9d329330b5cbf332b369e') in 0.053737 seconds 
========================================================================
Received Import Request.
  Time since last request: 0.000042 seconds.
  path: Assets/Food Pack-Demo/Mesh Collider/Salmon Cut.fbx
  artifactKey: Guid(feac93286084d9349a685dcc403d1fdb) Importer(815301076,1909f56bfc062723c751e8b465ee728b)
Start importing Assets/Food Pack-Demo/Mesh Collider/Salmon Cut.fbx using Guid(feac93286084d9349a685dcc403d1fdb) Importer(815301076,1909f56bfc062723c751e8b465ee728b)  -> (artifact id: '9c39955485c13061349b01dc98c2c6b8') in 0.058474 seconds 
========================================================================
Received Import Request.
  Time since last request: 0.000066 seconds.
  path: Assets/Food Pack-Demo/Mesh Collider/Chopsticks A+B_collider.fbx
  artifactKey: Guid(ed948f3b7337c0448bf0cb5b3c027b3c) Importer(815301076,1909f56bfc062723c751e8b465ee728b)
Start importing Assets/Food Pack-Demo/Mesh Collider/Chopsticks A+B_collider.fbx using Guid(ed948f3b7337c0448bf0cb5b3c027b3c) Importer(815301076,1909f56bfc062723c751e8b465ee728b)  -> (artifact id: 'b86a1d72d4b83cadb10cb1f6913a0e9a') in 0.052219 seconds 
========================================================================
Received Import Request.
  Time since last request: 0.000085 seconds.
  path: Assets/Food Pack-Demo/Mesh Collider/Frappe B_collider 2.fbx
  artifactKey: Guid(bcdae1ebec3f1b64cba6bf2e066665b8) Importer(815301076,1909f56bfc062723c751e8b465ee728b)
Start importing Assets/Food Pack-Demo/Mesh Collider/Frappe B_collider 2.fbx using Guid(bcdae1ebec3f1b64cba6bf2e066665b8) Importer(815301076,1909f56bfc062723c751e8b465ee728b)  -> (artifact id: '16a211696dce2b22aef093f4e70e4f92') in 0.064868 seconds 
========================================================================
Received Import Request.
  Time since last request: 0.000181 seconds.
  path: Assets/Food Pack-Demo/Mesh Collider/Bundt Cake_collider.fbx
  artifactKey: Guid(47d699b194c4a9f42b80fc34e148967a) Importer(815301076,1909f56bfc062723c751e8b465ee728b)
Start importing Assets/Food Pack-Demo/Mesh Collider/Bundt Cake_collider.fbx using Guid(47d699b194c4a9f42b80fc34e148967a) Importer(815301076,1909f56bfc062723c751e8b465ee728b)  -> (artifact id: 'a81ed40217cfd273abc984125004298d') in 0.061732 seconds 
========================================================================
Received Import Request.
  Time since last request: 0.000066 seconds.
  path: Assets/Food Pack-Demo/Mesh Collider/Cheesecake_collider.fbx
  artifactKey: Guid(4e2d45a4b94975245a9c389b331cb5f4) Importer(815301076,1909f56bfc062723c751e8b465ee728b)
Start importing Assets/Food Pack-Demo/Mesh Collider/Cheesecake_collider.fbx using Guid(4e2d45a4b94975245a9c389b331cb5f4) Importer(815301076,1909f56bfc062723c751e8b465ee728b)  -> (artifact id: '522bbf202a16304212880cf8712b2d16') in 0.048000 seconds 
========================================================================
Received Import Request.
  Time since last request: 0.000089 seconds.
  path: Assets/Food Pack-Demo/Mesh Collider/Hotdog_collider.fbx
  artifactKey: Guid(79fff96ea916d7049aa5a29f035609de) Importer(815301076,1909f56bfc062723c751e8b465ee728b)
Start importing Assets/Food Pack-Demo/Mesh Collider/Hotdog_collider.fbx using Guid(79fff96ea916d7049aa5a29f035609de) Importer(815301076,1909f56bfc062723c751e8b465ee728b)  -> (artifact id: 'dd16b46c46909e54dca9fdb63ae3a104') in 0.073233 seconds 
========================================================================
Received Import Request.
  Time since last request: 0.000042 seconds.
  path: Assets/Food Pack-Demo/Mesh Collider/Melon_collider.fbx
  artifactKey: Guid(ae04d4fa525d74044bf4b632751f6e33) Importer(815301076,1909f56bfc062723c751e8b465ee728b)
Start importing Assets/Food Pack-Demo/Mesh Collider/Melon_collider.fbx using Guid(ae04d4fa525d74044bf4b632751f6e33) Importer(815301076,1909f56bfc062723c751e8b465ee728b)  -> (artifact id: 'e23e56b8a8bdcdd8366c63c5187ae8f7') in 0.063891 seconds 
========================================================================
Received Import Request.
  Time since last request: 0.000029 seconds.
  path: Assets/Food Pack-Demo/Mesh Collider/Lamb Chop.fbx
  artifactKey: Guid(31af42093191cfc46ba7e8307d8e6a5b) Importer(815301076,1909f56bfc062723c751e8b465ee728b)
Start importing Assets/Food Pack-Demo/Mesh Collider/Lamb Chop.fbx using Guid(31af42093191cfc46ba7e8307d8e6a5b) Importer(815301076,1909f56bfc062723c751e8b465ee728b)  -> (artifact id: '26405000f2a540e30f8632d4cdb4c935') in 0.021367 seconds 
========================================================================
Received Import Request.
  Time since last request: 1.911657 seconds.
  path: Assets/Food Pack-Demo/Prefabs/Bell pepper green.prefab
  artifactKey: Guid(68cb6e858d2953e4c8693b634a033386) Importer(815301076,1909f56bfc062723c751e8b465ee728b)
Start importing Assets/Food Pack-Demo/Prefabs/Bell pepper green.prefab using Guid(68cb6e858d2953e4c8693b634a033386) Importer(815301076,1909f56bfc062723c751e8b465ee728b)  -> (artifact id: '608f56709b710fd7896dc31e9e21bb52') in 0.042250 seconds 
========================================================================
Received Import Request.
  Time since last request: 0.000027 seconds.
  path: Assets/Food Pack-Demo/Prefabs/Melon Piece.prefab
  artifactKey: Guid(7097ad9a888dd99458dca648bfbe4c7d) Importer(815301076,1909f56bfc062723c751e8b465ee728b)
Start importing Assets/Food Pack-Demo/Prefabs/Melon Piece.prefab using Guid(7097ad9a888dd99458dca648bfbe4c7d) Importer(815301076,1909f56bfc062723c751e8b465ee728b)  -> (artifact id: '0505222a62a4456ce94c5ab9043c1ddf') in 0.019856 seconds 
========================================================================
Received Import Request.
  Time since last request: 0.000042 seconds.
  path: Assets/Food Pack-Demo/Prefabs/Melon half.prefab
  artifactKey: Guid(f0fd291f44341a44fb9dc45391324a25) Importer(815301076,1909f56bfc062723c751e8b465ee728b)
Start importing Assets/Food Pack-Demo/Prefabs/Melon half.prefab using Guid(f0fd291f44341a44fb9dc45391324a25) Importer(815301076,1909f56bfc062723c751e8b465ee728b)  -> (artifact id: '3267020cdaea7715a9c26825e2065461') in 0.022072 seconds 
========================================================================
Received Import Request.
  Time since last request: 0.000027 seconds.
  path: Assets/Food Pack-Demo/Prefabs/Soda can C.prefab
  artifactKey: Guid(967bda6cd12c7c34d852681f280bdfef) Importer(815301076,1909f56bfc062723c751e8b465ee728b)
Start importing Assets/Food Pack-Demo/Prefabs/Soda can C.prefab using Guid(967bda6cd12c7c34d852681f280bdfef) Importer(815301076,1909f56bfc062723c751e8b465ee728b)  -> (artifact id: 'e8d8d72c7ac48c5ae4b2b71859c342f1') in 0.036549 seconds 
========================================================================
Received Import Request.
  Time since last request: 0.000026 seconds.
  path: Assets/Food Pack-Demo/Prefabs/Tamago.prefab
  artifactKey: Guid(8ecb5feff6a409a4b98498c13fe52d5e) Importer(815301076,1909f56bfc062723c751e8b465ee728b)
Start importing Assets/Food Pack-Demo/Prefabs/Tamago.prefab using Guid(8ecb5feff6a409a4b98498c13fe52d5e) Importer(815301076,1909f56bfc062723c751e8b465ee728b)  -> (artifact id: '1f233f012f122cf17cde6e004fcfd175') in 0.039025 seconds 
========================================================================
Received Import Request.
  Time since last request: 0.000033 seconds.
  path: Assets/Food Pack-Demo/Prefabs/Peach.prefab
  artifactKey: Guid(c5240644e1df8364aa4cea385c7cf092) Importer(815301076,1909f56bfc062723c751e8b465ee728b)
Start importing Assets/Food Pack-Demo/Prefabs/Peach.prefab using Guid(c5240644e1df8364aa4cea385c7cf092) Importer(815301076,1909f56bfc062723c751e8b465ee728b)  -> (artifact id: 'de3977f71e230bb291c11d061d80c076') in 0.036220 seconds 
========================================================================
Received Import Request.
  Time since last request: 0.000082 seconds.
  path: Assets/Food Pack-Demo/Prefabs/Skewer C.prefab
  artifactKey: Guid(1cbf601fcc984244f8006afcebbf7d6b) Importer(815301076,1909f56bfc062723c751e8b465ee728b)
Start importing Assets/Food Pack-Demo/Prefabs/Skewer C.prefab using Guid(1cbf601fcc984244f8006afcebbf7d6b) Importer(815301076,1909f56bfc062723c751e8b465ee728b)  -> (artifact id: '60abc7178cc6451ab96f1c063e2a3825') in 0.031926 seconds 
========================================================================
Received Import Request.
  Time since last request: 0.000256 seconds.
  path: Assets/Food Pack-Demo/Prefabs/Ketchup Plastic Bottle.prefab
  artifactKey: Guid(739858efac64efd428120d3808c65b43) Importer(815301076,1909f56bfc062723c751e8b465ee728b)
Start importing Assets/Food Pack-Demo/Prefabs/Ketchup Plastic Bottle.prefab using Guid(739858efac64efd428120d3808c65b43) Importer(815301076,1909f56bfc062723c751e8b465ee728b)  -> (artifact id: '2a91b659189644447ff75790197c8c56') in 0.056128 seconds 
========================================================================
Received Import Request.
  Time since last request: 0.000037 seconds.
  path: Assets/Food Pack-Demo/Prefabs/Chopsticks holder.prefab
  artifactKey: Guid(e4f3a4f69c5414a48acdcc48f9cb27b9) Importer(815301076,1909f56bfc062723c751e8b465ee728b)
Start importing Assets/Food Pack-Demo/Prefabs/Chopsticks holder.prefab using Guid(e4f3a4f69c5414a48acdcc48f9cb27b9) Importer(815301076,1909f56bfc062723c751e8b465ee728b)  -> (artifact id: 'b0aeb49c382e8ce9f0487fd445136825') in 0.036994 seconds 
========================================================================
Received Import Request.
  Time since last request: 0.000060 seconds.
  path: Assets/Food Pack-Demo/Prefabs/Lamb Chop.prefab
  artifactKey: Guid(4d68119b54e0ec2468da57b83dc2688f) Importer(815301076,1909f56bfc062723c751e8b465ee728b)
Start importing Assets/Food Pack-Demo/Prefabs/Lamb Chop.prefab using Guid(4d68119b54e0ec2468da57b83dc2688f) Importer(815301076,1909f56bfc062723c751e8b465ee728b)  -> (artifact id: '9246c04e89a4d2cfb5a0e3189cf86e89') in 0.033601 seconds 
========================================================================
Received Import Request.
  Time since last request: 0.000042 seconds.
  path: Assets/Food Pack-Demo/Prefabs/Ice cream stick C.prefab
  artifactKey: Guid(fbf6814fd0d204440ab42c5d21ce612d) Importer(815301076,1909f56bfc062723c751e8b465ee728b)
Start importing Assets/Food Pack-Demo/Prefabs/Ice cream stick C.prefab using Guid(fbf6814fd0d204440ab42c5d21ce612d) Importer(815301076,1909f56bfc062723c751e8b465ee728b)  -> (artifact id: 'ae2a2c0172f4e23965ecf123956ee381') in 0.042955 seconds 
========================================================================
Received Import Request.
  Time since last request: 0.000027 seconds.
  path: Assets/Food Pack-Demo/Prefabs/Coffee Cup C.prefab
  artifactKey: Guid(9618ee5198d5bc14690b61b995f89590) Importer(815301076,1909f56bfc062723c751e8b465ee728b)
Start importing Assets/Food Pack-Demo/Prefabs/Coffee Cup C.prefab using Guid(9618ee5198d5bc14690b61b995f89590) Importer(815301076,1909f56bfc062723c751e8b465ee728b)  -> (artifact id: 'f8748c009110916fff9747df3864db75') in 0.044211 seconds 
========================================================================
Received Import Request.
  Time since last request: 0.000037 seconds.
  path: Assets/Food Pack-Demo/Prefabs/Bundt Cake Piece.prefab
  artifactKey: Guid(54447e78ac5be41428f9078cf6910bf7) Importer(815301076,1909f56bfc062723c751e8b465ee728b)
Start importing Assets/Food Pack-Demo/Prefabs/Bundt Cake Piece.prefab using Guid(54447e78ac5be41428f9078cf6910bf7) Importer(815301076,1909f56bfc062723c751e8b465ee728b)  -> (artifact id: 'cb1d8d1cdfc62a27a42a441d4f83ac45') in 0.035464 seconds 
========================================================================
Received Import Request.
  Time since last request: 0.000036 seconds.
  path: Assets/Food Pack-Demo/Prefabs/Candy Cane B.prefab
  artifactKey: Guid(0329acc1efc28324e94f5bd5a062069e) Importer(815301076,1909f56bfc062723c751e8b465ee728b)
Start importing Assets/Food Pack-Demo/Prefabs/Candy Cane B.prefab using Guid(0329acc1efc28324e94f5bd5a062069e) Importer(815301076,1909f56bfc062723c751e8b465ee728b)  -> (artifact id: 'e6d11c92dc21fd07c65618e5cedfc85d') in 0.049581 seconds 
========================================================================
Received Import Request.
  Time since last request: 0.000044 seconds.
  path: Assets/Food Pack-Demo/Prefabs/Curry plate.prefab
  artifactKey: Guid(ef62557891c72774580b5ddab4813f20) Importer(815301076,1909f56bfc062723c751e8b465ee728b)
Start importing Assets/Food Pack-Demo/Prefabs/Curry plate.prefab using Guid(ef62557891c72774580b5ddab4813f20) Importer(815301076,1909f56bfc062723c751e8b465ee728b)  -> (artifact id: 'd19b9f9baa32344ee3086f19ba87fe06') in 0.034542 seconds 
========================================================================
Received Import Request.
  Time since last request: 0.000034 seconds.
  path: Assets/Food Pack-Demo/Prefabs/Peach slice.prefab
  artifactKey: Guid(983892090628c6245ab20d3d0541b5b4) Importer(815301076,1909f56bfc062723c751e8b465ee728b)
Start importing Assets/Food Pack-Demo/Prefabs/Peach slice.prefab using Guid(983892090628c6245ab20d3d0541b5b4) Importer(815301076,1909f56bfc062723c751e8b465ee728b)  -> (artifact id: '675cbac1762a01fd9f8c31070de75999') in 0.070240 seconds 
========================================================================
Received Import Request.
  Time since last request: 0.000111 seconds.
  path: Assets/Food Pack-Demo/Prefabs/Salmon skeleton.prefab
  artifactKey: Guid(685c0fc5fa8b9c04ca226db350611cc7) Importer(815301076,1909f56bfc062723c751e8b465ee728b)
Start importing Assets/Food Pack-Demo/Prefabs/Salmon skeleton.prefab using Guid(685c0fc5fa8b9c04ca226db350611cc7) Importer(815301076,1909f56bfc062723c751e8b465ee728b)  -> (artifact id: '93c2b05219ef2be6d0de5bb54115eb64') in 0.035309 seconds 
========================================================================
Received Import Request.
  Time since last request: 0.000036 seconds.
  path: Assets/Food Pack-Demo/Prefabs/Salami A.prefab
  artifactKey: Guid(ef03a6620aa3c864592f399083c51fa2) Importer(815301076,1909f56bfc062723c751e8b465ee728b)
Start importing Assets/Food Pack-Demo/Prefabs/Salami A.prefab using Guid(ef03a6620aa3c864592f399083c51fa2) Importer(815301076,1909f56bfc062723c751e8b465ee728b)  -> (artifact id: '7da69bc805034603f993b77ff34fa32b') in 0.057501 seconds 
========================================================================
Received Import Request.
  Time since last request: 0.000068 seconds.
  path: Assets/Food Pack-Demo/Prefabs/Soda bottle Glass A.prefab
  artifactKey: Guid(0b6e65f0fca42c647855eb8962efa3df) Importer(815301076,1909f56bfc062723c751e8b465ee728b)
Start importing Assets/Food Pack-Demo/Prefabs/Soda bottle Glass A.prefab using Guid(0b6e65f0fca42c647855eb8962efa3df) Importer(815301076,1909f56bfc062723c751e8b465ee728b)  -> (artifact id: '23c942a159cc5526ee0955fcd3bfcad1') in 0.037758 seconds 
========================================================================
Received Import Request.
  Time since last request: 0.000045 seconds.
  path: Assets/Food Pack-Demo/Prefabs/Salami slice A.prefab
  artifactKey: Guid(d64228cdf4658ad43a6702d0bfb35387) Importer(815301076,1909f56bfc062723c751e8b465ee728b)
Start importing Assets/Food Pack-Demo/Prefabs/Salami slice A.prefab using Guid(d64228cdf4658ad43a6702d0bfb35387) Importer(815301076,1909f56bfc062723c751e8b465ee728b)  -> (artifact id: '1756462e251f7cc0b59e925df0c40d99') in 0.047586 seconds 
========================================================================
Received Import Request.
  Time since last request: 0.000037 seconds.
  path: Assets/Food Pack-Demo/Prefabs/Sake cup C.prefab
  artifactKey: Guid(1f43572f4b900384795dbd290b6442ca) Importer(815301076,1909f56bfc062723c751e8b465ee728b)
Start importing Assets/Food Pack-Demo/Prefabs/Sake cup C.prefab using Guid(1f43572f4b900384795dbd290b6442ca) Importer(815301076,1909f56bfc062723c751e8b465ee728b)  -> (artifact id: '3e8502d88047392c4d96470cb5dedca7') in 0.031785 seconds 
========================================================================
Received Import Request.
  Time since last request: 0.000031 seconds.
  path: Assets/Food Pack-Demo/Prefabs/Salmon.prefab
  artifactKey: Guid(3a245daa6cb83334d8a55a5e90125b88) Importer(815301076,1909f56bfc062723c751e8b465ee728b)
Start importing Assets/Food Pack-Demo/Prefabs/Salmon.prefab using Guid(3a245daa6cb83334d8a55a5e90125b88) Importer(815301076,1909f56bfc062723c751e8b465ee728b)  -> (artifact id: '1db0eed61138dc1f5f2b20e77af5c99a') in 0.046185 seconds 
========================================================================
Received Import Request.
  Time since last request: 0.000046 seconds.
  path: Assets/Food Pack-Demo/Prefabs/Swirl lollipop C.prefab
  artifactKey: Guid(829ff58b373518c4daa7e467ad84ac29) Importer(815301076,1909f56bfc062723c751e8b465ee728b)
Start importing Assets/Food Pack-Demo/Prefabs/Swirl lollipop C.prefab using Guid(829ff58b373518c4daa7e467ad84ac29) Importer(815301076,1909f56bfc062723c751e8b465ee728b)  -> (artifact id: 'd58a0d7246b19c4e9678d5b283aa6730') in 0.034230 seconds 
========================================================================
Received Import Request.
  Time since last request: 0.000045 seconds.
  path: Assets/Food Pack-Demo/Prefabs/Pizza Margarita Slice.prefab
  artifactKey: Guid(4996cb7e38e19d34f8d3c4c05aa9ad48) Importer(815301076,1909f56bfc062723c751e8b465ee728b)
Start importing Assets/Food Pack-Demo/Prefabs/Pizza Margarita Slice.prefab using Guid(4996cb7e38e19d34f8d3c4c05aa9ad48) Importer(815301076,1909f56bfc062723c751e8b465ee728b)  -> (artifact id: '503057c92e94e738c26949ea1b0833d2') in 0.037657 seconds 
========================================================================
Received Import Request.
  Time since last request: 0.000035 seconds.
  path: Assets/Food Pack-Demo/Prefabs/Hotdog A.prefab
  artifactKey: Guid(5ebdbc030ec57844d95ccb60b8223fd7) Importer(815301076,1909f56bfc062723c751e8b465ee728b)
Start importing Assets/Food Pack-Demo/Prefabs/Hotdog A.prefab using Guid(5ebdbc030ec57844d95ccb60b8223fd7) Importer(815301076,1909f56bfc062723c751e8b465ee728b)  -> (artifact id: 'c4c12e7373bc0cb508669a67f215f1d7') in 0.033243 seconds 
========================================================================
Received Import Request.
  Time since last request: 1.422268 seconds.
  path: Assets/Food Pack-Demo/Prefabs with colliders/Bell pepper green.prefab
  artifactKey: Guid(cb83f814934cfc140b16be0112da5872) Importer(815301076,1909f56bfc062723c751e8b465ee728b)
Start importing Assets/Food Pack-Demo/Prefabs with colliders/Bell pepper green.prefab using Guid(cb83f814934cfc140b16be0112da5872) Importer(815301076,1909f56bfc062723c751e8b465ee728b)  -> (artifact id: 'b354b68549826d73bda60ffcd2d22055') in 0.032843 seconds 
========================================================================
Received Import Request.
  Time since last request: 0.000059 seconds.
  path: Assets/Food Pack-Demo/Prefabs with colliders/Pretzel.prefab
  artifactKey: Guid(381b4876465ff66439c798bbd05934ae) Importer(815301076,1909f56bfc062723c751e8b465ee728b)
Start importing Assets/Food Pack-Demo/Prefabs with colliders/Pretzel.prefab using Guid(381b4876465ff66439c798bbd05934ae) Importer(815301076,1909f56bfc062723c751e8b465ee728b)  -> (artifact id: '49eb8db444efc3cda467b45c29aabfb1') in 0.020342 seconds 
========================================================================
Received Import Request.
  Time since last request: 0.000062 seconds.
  path: Assets/Food Pack-Demo/Prefabs with colliders/Sushi Wood Table.prefab
  artifactKey: Guid(db719f0c5f33e7d42b34ea7d8e83bd6a) Importer(815301076,1909f56bfc062723c751e8b465ee728b)
Start importing Assets/Food Pack-Demo/Prefabs with colliders/Sushi Wood Table.prefab using Guid(db719f0c5f33e7d42b34ea7d8e83bd6a) Importer(815301076,1909f56bfc062723c751e8b465ee728b)  -> (artifact id: '1c5a56923ed411fdb6e70d6fc9a485e8') in 0.020193 seconds 
========================================================================
Received Import Request.
  Time since last request: 0.000027 seconds.
  path: Assets/Food Pack-Demo/Prefabs with colliders/Sake Pot C.prefab
  artifactKey: Guid(3eb9e00580be8fb41861868e3b76e4f0) Importer(815301076,1909f56bfc062723c751e8b465ee728b)
Start importing Assets/Food Pack-Demo/Prefabs with colliders/Sake Pot C.prefab using Guid(3eb9e00580be8fb41861868e3b76e4f0) Importer(815301076,1909f56bfc062723c751e8b465ee728b)  -> (artifact id: '3cb415dca301ce272b209a60a6ba7e90') in 0.027257 seconds 
========================================================================
Received Import Request.
  Time since last request: 0.000047 seconds.
  path: Assets/Food Pack-Demo/Prefabs with colliders/Salami cut A.prefab
  artifactKey: Guid(86a2632b6a59b6f4eb27045f5854a597) Importer(815301076,1909f56bfc062723c751e8b465ee728b)
Start importing Assets/Food Pack-Demo/Prefabs with colliders/Salami cut A.prefab using Guid(86a2632b6a59b6f4eb27045f5854a597) Importer(815301076,1909f56bfc062723c751e8b465ee728b)  -> (artifact id: 'a6ca0040b63f5d52bd181b08cdc6aa9e') in 0.033127 seconds 
========================================================================
Received Import Request.
  Time since last request: 0.000075 seconds.
  path: Assets/Food Pack-Demo/Prefabs with colliders/Hotdog A.prefab
  artifactKey: Guid(83c77ae35da5eef458a3c6457b421e29) Importer(815301076,1909f56bfc062723c751e8b465ee728b)
Start importing Assets/Food Pack-Demo/Prefabs with colliders/Hotdog A.prefab using Guid(83c77ae35da5eef458a3c6457b421e29) Importer(815301076,1909f56bfc062723c751e8b465ee728b)  -> (artifact id: 'ee377009c14a17178099c54f0522c76c') in 0.050609 seconds 
========================================================================
Received Import Request.
  Time since last request: 0.000041 seconds.
  path: Assets/Food Pack-Demo/Prefabs with colliders/Peach.prefab
  artifactKey: Guid(cdfcdc2ad3121dd48b009483e054ee65) Importer(815301076,1909f56bfc062723c751e8b465ee728b)
Start importing Assets/Food Pack-Demo/Prefabs with colliders/Peach.prefab using Guid(cdfcdc2ad3121dd48b009483e054ee65) Importer(815301076,1909f56bfc062723c751e8b465ee728b)  -> (artifact id: 'cd6fe0c26b80dd1d9e18fe1bb90cac9e') in 0.030279 seconds 
========================================================================
Received Import Request.
  Time since last request: 0.000047 seconds.
  path: Assets/Food Pack-Demo/Prefabs with colliders/Maki C1.prefab
  artifactKey: Guid(55aaf3d376031ef4e87d0c9e40e04a08) Importer(815301076,1909f56bfc062723c751e8b465ee728b)
Start importing Assets/Food Pack-Demo/Prefabs with colliders/Maki C1.prefab using Guid(55aaf3d376031ef4e87d0c9e40e04a08) Importer(815301076,1909f56bfc062723c751e8b465ee728b)  -> (artifact id: '7a1389655fbf56ec9d2ae15d8af9276e') in 0.037188 seconds 
========================================================================
Received Import Request.
  Time since last request: 0.000058 seconds.
  path: Assets/Food Pack-Demo/Prefabs with colliders/Doughnut H.prefab
  artifactKey: Guid(c71881a0f38e13148a4da26b4c79c687) Importer(815301076,1909f56bfc062723c751e8b465ee728b)
Start importing Assets/Food Pack-Demo/Prefabs with colliders/Doughnut H.prefab using Guid(c71881a0f38e13148a4da26b4c79c687) Importer(815301076,1909f56bfc062723c751e8b465ee728b)  -> (artifact id: '6cce7c2e5fcba3847b45ab54e063e206') in 0.042195 seconds 
========================================================================
Received Import Request.
  Time since last request: 0.000047 seconds.
  path: Assets/Food Pack-Demo/Prefabs with colliders/Salmon Cut.prefab
  artifactKey: Guid(0c775a7cb9c4a4d47aef6a0827a76b81) Importer(815301076,1909f56bfc062723c751e8b465ee728b)
Start importing Assets/Food Pack-Demo/Prefabs with colliders/Salmon Cut.prefab using Guid(0c775a7cb9c4a4d47aef6a0827a76b81) Importer(815301076,1909f56bfc062723c751e8b465ee728b)  -> (artifact id: '0c394bface77d46d66fac32ed099245d') in 0.041499 seconds 
========================================================================
Received Import Request.
  Time since last request: 0.000068 seconds.
  path: Assets/Food Pack-Demo/Prefabs with colliders/Chopsticks holder.prefab
  artifactKey: Guid(b7a702b59bf4c1241ba9d99965d58e59) Importer(815301076,1909f56bfc062723c751e8b465ee728b)
Start importing Assets/Food Pack-Demo/Prefabs with colliders/Chopsticks holder.prefab using Guid(b7a702b59bf4c1241ba9d99965d58e59) Importer(815301076,1909f56bfc062723c751e8b465ee728b)  -> (artifact id: 'a0297860400aeec720c38003e1788087') in 0.035822 seconds 
========================================================================
Received Import Request.
  Time since last request: 0.000042 seconds.
  path: Assets/Food Pack-Demo/Prefabs with colliders/Salmon fillet.prefab
  artifactKey: Guid(11eb6f1ea5794b24696153fac27229a5) Importer(815301076,1909f56bfc062723c751e8b465ee728b)
Start importing Assets/Food Pack-Demo/Prefabs with colliders/Salmon fillet.prefab using Guid(11eb6f1ea5794b24696153fac27229a5) Importer(815301076,1909f56bfc062723c751e8b465ee728b)  -> (artifact id: '75dbdb374822330ac4c6debcdc5a80ed') in 0.041149 seconds 
========================================================================
Received Import Request.
  Time since last request: 0.000083 seconds.
  path: Assets/Food Pack-Demo/Prefabs with colliders/Melon half.prefab
  artifactKey: Guid(3635f7404578249429c461fc2d4f1de7) Importer(815301076,1909f56bfc062723c751e8b465ee728b)
Start importing Assets/Food Pack-Demo/Prefabs with colliders/Melon half.prefab using Guid(3635f7404578249429c461fc2d4f1de7) Importer(815301076,1909f56bfc062723c751e8b465ee728b)  -> (artifact id: '193c1b7cbc6127565bc08fe61a76ed9a') in 0.049173 seconds 
========================================================================
Received Import Request.
  Time since last request: 0.000058 seconds.
  path: Assets/Food Pack-Demo/Prefabs with colliders/Cookies.prefab
  artifactKey: Guid(db66b66f761249347b45ef948710e295) Importer(815301076,1909f56bfc062723c751e8b465ee728b)
Start importing Assets/Food Pack-Demo/Prefabs with colliders/Cookies.prefab using Guid(db66b66f761249347b45ef948710e295) Importer(815301076,1909f56bfc062723c751e8b465ee728b)  -> (artifact id: 'e1bb5bd120a4ef310c5056338661eb66') in 0.035546 seconds 
========================================================================
Received Import Request.
  Time since last request: 0.000061 seconds.
  path: Assets/Food Pack-Demo/Prefabs with colliders/Salmon skeleton.prefab
  artifactKey: Guid(248da5bbc1b94c3408fc184fa34afb7d) Importer(815301076,1909f56bfc062723c751e8b465ee728b)
Start importing Assets/Food Pack-Demo/Prefabs with colliders/Salmon skeleton.prefab using Guid(248da5bbc1b94c3408fc184fa34afb7d) Importer(815301076,1909f56bfc062723c751e8b465ee728b)  -> (artifact id: '8f11519f7a72e26f7a9593969d5bb3b2') in 0.035850 seconds 
========================================================================
Received Import Request.
  Time since last request: 0.000037 seconds.
  path: Assets/Food Pack-Demo/Prefabs with colliders/Pizza Margarita cut.prefab
  artifactKey: Guid(0e9ff68fb45f20d4f8b24f1622ce7ad7) Importer(815301076,1909f56bfc062723c751e8b465ee728b)
Start importing Assets/Food Pack-Demo/Prefabs with colliders/Pizza Margarita cut.prefab using Guid(0e9ff68fb45f20d4f8b24f1622ce7ad7) Importer(815301076,1909f56bfc062723c751e8b465ee728b)  -> (artifact id: '5cf04c92d076315cee364a922caf2997') in 0.037551 seconds 
========================================================================
Received Import Request.
  Time since last request: 0.000045 seconds.
  path: Assets/Food Pack-Demo/Prefabs with colliders/Swirl lollipop C.prefab
  artifactKey: Guid(3c92cb637d80f0b47af726bf15087820) Importer(815301076,1909f56bfc062723c751e8b465ee728b)
Start importing Assets/Food Pack-Demo/Prefabs with colliders/Swirl lollipop C.prefab using Guid(3c92cb637d80f0b47af726bf15087820) Importer(815301076,1909f56bfc062723c751e8b465ee728b)  -> (artifact id: '5ea2cc7639501ad8b8bd724f4ce5c785') in 0.040999 seconds 
========================================================================
Received Import Request.
  Time since last request: 0.000023 seconds.
  path: Assets/Food Pack-Demo/Prefabs with colliders/Soda can C.prefab
  artifactKey: Guid(6423086f4c3c91941b15347f806e5496) Importer(815301076,1909f56bfc062723c751e8b465ee728b)
Start importing Assets/Food Pack-Demo/Prefabs with colliders/Soda can C.prefab using Guid(6423086f4c3c91941b15347f806e5496) Importer(815301076,1909f56bfc062723c751e8b465ee728b)  -> (artifact id: '549880ca098ae3ba69d3652869fb88ea') in 0.038967 seconds 
========================================================================
Received Import Request.
  Time since last request: 0.000039 seconds.
  path: Assets/Food Pack-Demo/Prefabs with colliders/Pizza Margarita.prefab
  artifactKey: Guid(ddfa315221cd51d43a26448bea82567e) Importer(815301076,1909f56bfc062723c751e8b465ee728b)
Start importing Assets/Food Pack-Demo/Prefabs with colliders/Pizza Margarita.prefab using Guid(ddfa315221cd51d43a26448bea82567e) Importer(815301076,1909f56bfc062723c751e8b465ee728b)  -> (artifact id: '6793eb0a042e2e39bc09e43bce101198') in 0.031852 seconds 
========================================================================
Received Import Request.
  Time since last request: 0.000050 seconds.
  path: Assets/Food Pack-Demo/Prefabs with colliders/Tamago.prefab
  artifactKey: Guid(d04f7b833efcc7341aa2f179d59663af) Importer(815301076,1909f56bfc062723c751e8b465ee728b)
Start importing Assets/Food Pack-Demo/Prefabs with colliders/Tamago.prefab using Guid(d04f7b833efcc7341aa2f179d59663af) Importer(815301076,1909f56bfc062723c751e8b465ee728b)  -> (artifact id: '26d13561e80ed1f19ca634b4861e3c48') in 0.047575 seconds 
========================================================================
Received Import Request.
  Time since last request: 0.000047 seconds.
  path: Assets/Food Pack-Demo/Prefabs with colliders/Bundt Cake Piece.prefab
  artifactKey: Guid(9211927fa2d79ef42b8421dfe1d3f621) Importer(815301076,1909f56bfc062723c751e8b465ee728b)
Start importing Assets/Food Pack-Demo/Prefabs with colliders/Bundt Cake Piece.prefab using Guid(9211927fa2d79ef42b8421dfe1d3f621) Importer(815301076,1909f56bfc062723c751e8b465ee728b)  -> (artifact id: '157b22b3183af39f9690fe331402c6e6') in 0.039069 seconds 
========================================================================
Received Import Request.
  Time since last request: 0.000027 seconds.
  path: Assets/Food Pack-Demo/Prefabs with colliders/Curry plate.prefab
  artifactKey: Guid(98e647c1a01cac94db008f167a23131e) Importer(815301076,1909f56bfc062723c751e8b465ee728b)
Start importing Assets/Food Pack-Demo/Prefabs with colliders/Curry plate.prefab using Guid(98e647c1a01cac94db008f167a23131e) Importer(815301076,1909f56bfc062723c751e8b465ee728b)  -> (artifact id: 'f10dde527b7ec11ca22f9780eb6564cc') in 0.049069 seconds 
========================================================================
Received Import Request.
  Time since last request: 0.000046 seconds.
  path: Assets/Food Pack-Demo/Prefabs with colliders/Lamb leg.prefab
  artifactKey: Guid(41ffe1a739b405340b5067d816dda9b3) Importer(815301076,1909f56bfc062723c751e8b465ee728b)
Start importing Assets/Food Pack-Demo/Prefabs with colliders/Lamb leg.prefab using Guid(41ffe1a739b405340b5067d816dda9b3) Importer(815301076,1909f56bfc062723c751e8b465ee728b)  -> (artifact id: '08081113dc4e798f8f8f4fd388421e54') in 0.034205 seconds 
========================================================================
Received Import Request.
  Time since last request: 0.000043 seconds.
  path: Assets/Food Pack-Demo/Prefabs with colliders/Peach half no seed.prefab
  artifactKey: Guid(d8eb39772ee6d6d43a3dee182092b3b9) Importer(815301076,1909f56bfc062723c751e8b465ee728b)
Start importing Assets/Food Pack-Demo/Prefabs with colliders/Peach half no seed.prefab using Guid(d8eb39772ee6d6d43a3dee182092b3b9) Importer(815301076,1909f56bfc062723c751e8b465ee728b)  -> (artifact id: '7ba5e19a96f8ab1a26051ddb15d9d292') in 0.034990 seconds 
========================================================================
Received Import Request.
  Time since last request: 39.053459 seconds.
  path: Assets/Food Pack-Demo/Mesh/Tomato Quarter.fbx
  artifactKey: Guid(f7eb075f2b7036e469890be4efa0c8cb) Importer(815301076,1909f56bfc062723c751e8b465ee728b)
Start importing Assets/Food Pack-Demo/Mesh/Tomato Quarter.fbx using Guid(f7eb075f2b7036e469890be4efa0c8cb) Importer(815301076,1909f56bfc062723c751e8b465ee728b)  -> (artifact id: '51f3e5a6d201e0d3a3595fa6863a4d18') in 0.036512 seconds 
========================================================================
Received Import Request.
  Time since last request: 0.000049 seconds.
  path: Assets/Food Pack-Demo/Mesh/Unagi.fbx
  artifactKey: Guid(85ec0bf98339b9a408044de2cae26e2f) Importer(815301076,1909f56bfc062723c751e8b465ee728b)
Start importing Assets/Food Pack-Demo/Mesh/Unagi.fbx using Guid(85ec0bf98339b9a408044de2cae26e2f) Importer(815301076,1909f56bfc062723c751e8b465ee728b)  -> (artifact id: '862a95ddaaf2fc1248c09719b60d5eda') in 0.062486 seconds 
========================================================================
Received Import Request.
  Time since last request: 0.000072 seconds.
  path: Assets/Food Pack-Demo/Mesh/Udon.fbx
  artifactKey: Guid(cffb8a2c466fd914ba032f71bee9c81d) Importer(815301076,1909f56bfc062723c751e8b465ee728b)
Start importing Assets/Food Pack-Demo/Mesh/Udon.fbx using Guid(cffb8a2c466fd914ba032f71bee9c81d) Importer(815301076,1909f56bfc062723c751e8b465ee728b)  -> (artifact id: '8b3799b629b64b4039d911f479815bfc') in 0.061546 seconds 
========================================================================
Received Prepare
Registering precompiled user dll's ...
Registered in 0.009626 seconds.
Begin MonoManager ReloadAssembly
Symbol file LoadedFromMemory doesn't match image D:\kitchen\kitchen\New Unity Project\Library\PackageCache\com.unity.visualscripting@1.8.0\Editor\VisualScripting.Core\Dependencies\YamlDotNet\Unity.VisualScripting.YamlDotNet.dll
Symbol file LoadedFromMemory doesn't match image D:\kitchen\kitchen\New Unity Project\Library\PackageCache\com.unity.visualscripting@1.8.0\Editor\VisualScripting.Core\Dependencies\DotNetZip\Unity.VisualScripting.IonicZip.dll
Native extension for WindowsStandalone target not found
Native extension for Android target not found
Refreshing native plugins compatible for Editor in 0.99 ms, found 3 plugins.
Preloading 0 native plugins for Editor in 0.00 ms.
Mono: successfully reloaded assembly
- Completed reload, in  1.888 seconds
Domain Reload Profiling:
	ReloadAssembly (1890ms)
		BeginReloadAssembly (357ms)
			ExecutionOrderSort (0ms)
			DisableScriptedObjects (8ms)
			BackupInstance (0ms)
			ReleaseScriptingObjects (0ms)
			CreateAndSetChildDomain (91ms)
		EndReloadAssembly (1283ms)
			LoadAssemblies (245ms)
			RebuildTransferFunctionScriptingTraits (0ms)
			SetupTypeCache (417ms)
			ReleaseScriptCaches (4ms)
			RebuildScriptCaches (93ms)
			SetupLoadedEditorAssemblies (527ms)
				LogAssemblyErrors (0ms)
				InitializePlatformSupportModulesInManaged (32ms)
				SetLoadedEditorAssemblies (1ms)
				RefreshPlugins (1ms)
				BeforeProcessingInitializeOnLoad (92ms)
				ProcessInitializeOnLoadAttributes (359ms)
				ProcessInitializeOnLoadMethodAttributes (35ms)
				AfterProcessingInitializeOnLoad (6ms)
				EditorAssembliesLoaded (0ms)
			ExecutionOrderSort2 (0ms)
			AwakeInstancesAfterBackupRestoration (25ms)
Platform modules already initialized, skipping
Refreshing native plugins compatible for Editor in 3.46 ms, found 3 plugins.
Preloading 0 native plugins for Editor in 0.00 ms.
Unloading 3281 Unused Serialized files (Serialized files now loaded: 0)
Unloading 15 unused Assets / (71.4 KB). Loaded Objects now: 3824.
Memory consumption went from 126.7 MB to 126.7 MB.
Total: 5.392700 ms (FindLiveObjects: 0.446400 ms CreateObjectMapping: 0.331100 ms MarkObjects: 4.124100 ms  DeleteObjects: 0.490000 ms)

AssetImportParameters requested are different than current active one (requested -> active):
  custom:video-decoder-ogg-theora: a1e56fd34408186e4bbccfd4996cb3dc -> 
  custom:container-muxer-webm: aa71ff27fc2769a1b78a27578f13a17b -> 
  custom:container-demuxer-webm: 4f35f7cbe854078d1ac9338744f61a02 -> 
  custom:video-encoder-webm-vp8: eb34c28f22e8b96e1ab97ce403110664 -> 
  custom:audio-encoder-webm-vorbis: bf7c407c2cedff20999df2af8eb42d56 -> 
  custom:framework-win-MediaFoundation: 216162199b28c13a410421893ffa2e32 -> 
  custom:container-demuxer-ogg: 62fdf1f143b41e24485cea50d1cbac27 -> 
  custom:video-decoder-webm-vp8: 9c59270c3fd7afecdb556c50c9e8de78 -> 
  custom:audio-decoder-ogg-vorbis: bf7c407c2cedff20999df2af8eb42d56 -> 
========================================================================
Received Import Request.
  Time since last request: 419.783893 seconds.
  path: Packages/com.unity.probuilder/Content/Resources/Materials/EdgePicker.mat
  artifactKey: Guid(4ff996e3a0a5743a3987ab6231160665) Importer(815301076,1909f56bfc062723c751e8b465ee728b)
Start importing Packages/com.unity.probuilder/Content/Resources/Materials/EdgePicker.mat using Guid(4ff996e3a0a5743a3987ab6231160665) Importer(815301076,1909f56bfc062723c751e8b465ee728b)  -> (artifact id: '51eb2bb833a0b778e7bf44f42e94d893') in 0.180738 seconds 
========================================================================
Received Import Request.
  Time since last request: 0.000050 seconds.
  path: Packages/com.unity.probuilder/Content/Resources/Materials/Trigger.mat
  artifactKey: Guid(a1e97cbf2538241b691aae8243b5fb10) Importer(815301076,1909f56bfc062723c751e8b465ee728b)
Start importing Packages/com.unity.probuilder/Content/Resources/Materials/Trigger.mat using Guid(a1e97cbf2538241b691aae8243b5fb10) Importer(815301076,1909f56bfc062723c751e8b465ee728b)  -> (artifact id: '57b2f457ca8dbef490ff3c1f3b5d937f') in 0.130008 seconds 
========================================================================
Received Import Request.
  Time since last request: 0.000054 seconds.
  path: Packages/com.unity.probuilder/Content/Resources/Materials/EdgePickerHDRP.mat
  artifactKey: Guid(980c24c5a501a9a429356d191ad356a9) Importer(815301076,1909f56bfc062723c751e8b465ee728b)
Start importing Packages/com.unity.probuilder/Content/Resources/Materials/EdgePickerHDRP.mat using Guid(980c24c5a501a9a429356d191ad356a9) Importer(815301076,1909f56bfc062723c751e8b465ee728b)  -> (artifact id: '1a5210a4aa1ab6f2858bda60936cdccb') in 0.069687 seconds 
========================================================================
Received Import Request.
  Time since last request: 0.000052 seconds.
  path: Packages/com.unity.probuilder/Content/Resources/Materials/NoDraw.mat
  artifactKey: Guid(8cb4d6fee77fd4ee6895f08b240d625f) Importer(815301076,1909f56bfc062723c751e8b465ee728b)
Start importing Packages/com.unity.probuilder/Content/Resources/Materials/NoDraw.mat using Guid(8cb4d6fee77fd4ee6895f08b240d625f) Importer(815301076,1909f56bfc062723c751e8b465ee728b)  -> (artifact id: 'c709746bb6ef5a0b874549b85d3d6fe8') in 0.199850 seconds 
========================================================================
Received Import Request.
  Time since last request: 0.000052 seconds.
  path: Packages/com.unity.probuilder/Content/Resources/Materials/FacePicker.mat
  artifactKey: Guid(5695904020f064fdab5ad265b274a616) Importer(815301076,1909f56bfc062723c751e8b465ee728b)
Start importing Packages/com.unity.probuilder/Content/Resources/Materials/FacePicker.mat using Guid(5695904020f064fdab5ad265b274a616) Importer(815301076,1909f56bfc062723c751e8b465ee728b)  -> (artifact id: '727d9155b9a3440b5fa5a2c6e048e171') in 0.053825 seconds 
========================================================================
Received Import Request.
  Time since last request: 0.000043 seconds.
  path: Packages/com.unity.probuilder/Content/Resources/Materials/StandardVertexColorLWRP.mat
  artifactKey: Guid(077a003b1de1e4c35923be7a21b5d948) Importer(815301076,1909f56bfc062723c751e8b465ee728b)
Start importing Packages/com.unity.probuilder/Content/Resources/Materials/StandardVertexColorLWRP.mat using Guid(077a003b1de1e4c35923be7a21b5d948) Importer(815301076,1909f56bfc062723c751e8b465ee728b)  -> (artifact id: '0c11dcd1e368626dc1795cfb8a153faa') in 0.057447 seconds 
========================================================================
Received Import Request.
  Time since last request: 590.947026 seconds.
  path: Assets/Food Pack-Demo/Mesh Collider/Salmon skeleton.fbx
  artifactKey: Guid(4af0657f388837c41923db288f7b4ff5) Importer(815301076,1909f56bfc062723c751e8b465ee728b)
Start importing Assets/Food Pack-Demo/Mesh Collider/Salmon skeleton.fbx using Guid(4af0657f388837c41923db288f7b4ff5) Importer(815301076,1909f56bfc062723c751e8b465ee728b)  -> (artifact id: 'e550d574df864e7ba21d24b767960060') in 0.220905 seconds 
========================================================================
Received Import Request.
  Time since last request: 0.000231 seconds.
  path: Assets/Food Pack-Demo/Mesh Collider/Soda can_collider.fbx
  artifactKey: Guid(c090d33afeddfe54189bed2b946c3c47) Importer(815301076,1909f56bfc062723c751e8b465ee728b)
Start importing Assets/Food Pack-Demo/Mesh Collider/Soda can_collider.fbx using Guid(c090d33afeddfe54189bed2b946c3c47) Importer(815301076,1909f56bfc062723c751e8b465ee728b)  -> (artifact id: 'ec467397341bd26e5f0e170ac0bdaa98') in 0.064178 seconds 
========================================================================
Received Import Request.
  Time since last request: 0.000097 seconds.
  path: Assets/Food Pack-Demo/Mesh Collider/Soda bottle Glass_collider.fbx
  artifactKey: Guid(240383d49613ee74c972a172382dedea) Importer(815301076,1909f56bfc062723c751e8b465ee728b)
Start importing Assets/Food Pack-Demo/Mesh Collider/Soda bottle Glass_collider.fbx using Guid(240383d49613ee74c972a172382dedea) Importer(815301076,1909f56bfc062723c751e8b465ee728b)  -> (artifact id: '52e8ad1811e112de1dde6472595a9c91') in 0.083009 seconds 
========================================================================
Received Import Request.
  Time since last request: 85.688649 seconds.
  path: Assets/Alstrainfinite/KitchenAppliances/Textures/Texture.png
  artifactKey: Guid(9a1a78cd418cf1747abdb83401565c91) Importer(815301076,1909f56bfc062723c751e8b465ee728b)
Start importing Assets/Alstrainfinite/KitchenAppliances/Textures/Texture.png using Guid(9a1a78cd418cf1747abdb83401565c91) Importer(815301076,1909f56bfc062723c751e8b465ee728b)  -> (artifact id: 'c52bb23eb4f106257b684a07fe66b3b0') in 0.099207 seconds 
========================================================================
Received Import Request.
  Time since last request: 630.069984 seconds.
  path: Assets/Alstrainfinite/KitchenAppliances/Materials/Stovetop.mat
  artifactKey: Guid(b96d00f00f49efb458f4d91a48364d0d) Importer(815301076,1909f56bfc062723c751e8b465ee728b)
Start importing Assets/Alstrainfinite/KitchenAppliances/Materials/Stovetop.mat using Guid(b96d00f00f49efb458f4d91a48364d0d) Importer(815301076,1909f56bfc062723c751e8b465ee728b)  -> (artifact id: '29100fcbc52ab7bcd2b00c3bf7d184dc') in 0.296495 seconds 
========================================================================
Received Import Request.
  Time since last request: 409.689621 seconds.
  path: Assets/01_3D/ETC/3D Bakery Object/FBX/Materials/Donuts.mat
  artifactKey: Guid(b14268cf635933948a37ef9fa766aedc) Importer(815301076,1909f56bfc062723c751e8b465ee728b)
Start importing Assets/01_3D/ETC/3D Bakery Object/FBX/Materials/Donuts.mat using Guid(b14268cf635933948a37ef9fa766aedc) Importer(815301076,1909f56bfc062723c751e8b465ee728b)  -> (artifact id: '7b81e4e9dc086a457fa0eb9bd2cbd05e') in 0.052057 seconds 
========================================================================
Received Import Request.
  Time since last request: 0.000029 seconds.
  path: Assets/01_3D/ETC/3D Bakery Object/FBX/Materials/Hamegg.mat
  artifactKey: Guid(a5dd5138448133f4a81b60f9e84e0418) Importer(815301076,1909f56bfc062723c751e8b465ee728b)
Start importing Assets/01_3D/ETC/3D Bakery Object/FBX/Materials/Hamegg.mat using Guid(a5dd5138448133f4a81b60f9e84e0418) Importer(815301076,1909f56bfc062723c751e8b465ee728b)  -> (artifact id: '34a2e755ac51a84e78c3c376f9c0814d') in 0.050104 seconds 
========================================================================
Received Import Request.
  Time since last request: 0.000050 seconds.
  path: Assets/01_3D/ETC/3D Bakery Object/FBX/Materials/Waffle.mat
  artifactKey: Guid(88cbfa6bccf891e4f9cb3da49a19dfee) Importer(815301076,1909f56bfc062723c751e8b465ee728b)
Start importing Assets/01_3D/ETC/3D Bakery Object/FBX/Materials/Waffle.mat using Guid(88cbfa6bccf891e4f9cb3da49a19dfee) Importer(815301076,1909f56bfc062723c751e8b465ee728b)  -> (artifact id: '45f60224a4368dd37d7eb89b1c9c66be') in 0.057422 seconds 
========================================================================
Received Import Request.
  Time since last request: 0.000084 seconds.
  path: Assets/01_3D/ETC/3D Bakery Object/FBX/Materials/icecream.mat
  artifactKey: Guid(58ebed3a4f86b044d853c96811a619d3) Importer(815301076,1909f56bfc062723c751e8b465ee728b)
Start importing Assets/01_3D/ETC/3D Bakery Object/FBX/Materials/icecream.mat using Guid(58ebed3a4f86b044d853c96811a619d3) Importer(815301076,1909f56bfc062723c751e8b465ee728b)  -> (artifact id: '2dd8f68de5a5d68cda162c59bc846d3c') in 0.045542 seconds 
========================================================================
Received Import Request.
  Time since last request: 2.162420 seconds.
  path: Assets/01_3D/ETC/3D Bakery Object/FBX/Texture/Donuts.png
  artifactKey: Guid(a0055f86319125241a14275fdb1ac43b) Importer(815301076,1909f56bfc062723c751e8b465ee728b)
Start importing Assets/01_3D/ETC/3D Bakery Object/FBX/Texture/Donuts.png using Guid(a0055f86319125241a14275fdb1ac43b) Importer(815301076,1909f56bfc062723c751e8b465ee728b)  -> (artifact id: '42068efaf59f42460c3643bc25e08339') in 0.034131 seconds 
========================================================================
Received Import Request.
  Time since last request: 0.000021 seconds.
  path: Assets/01_3D/ETC/3D Bakery Object/FBX/Texture/Hambuger.png
  artifactKey: Guid(35c379fda16163f4eb60fc1846f582e4) Importer(815301076,1909f56bfc062723c751e8b465ee728b)
Start importing Assets/01_3D/ETC/3D Bakery Object/FBX/Texture/Hambuger.png using Guid(35c379fda16163f4eb60fc1846f582e4) Importer(815301076,1909f56bfc062723c751e8b465ee728b)  -> (artifact id: 'df2c3f6071c1725a50845c2e6a46ce86') in 0.027953 seconds 
========================================================================
Received Import Request.
  Time since last request: 0.000157 seconds.
  path: Assets/01_3D/ETC/3D Bakery Object/FBX/Texture/icecream.png
  artifactKey: Guid(6dc2c617917606a4fb504bc2f5e21473) Importer(815301076,1909f56bfc062723c751e8b465ee728b)
Start importing Assets/01_3D/ETC/3D Bakery Object/FBX/Texture/icecream.png using Guid(6dc2c617917606a4fb504bc2f5e21473) Importer(815301076,1909f56bfc062723c751e8b465ee728b)  -> (artifact id: '3c67db16611ba0ef7faa254170d389cd') in 0.022470 seconds 
========================================================================
Received Import Request.
  Time since last request: 0.000021 seconds.
  path: Assets/01_3D/ETC/3D Bakery Object/FBX/Texture/Hamegg.png
  artifactKey: Guid(9746c0b1835b13440b9c9d09dd9f6080) Importer(815301076,1909f56bfc062723c751e8b465ee728b)
Start importing Assets/01_3D/ETC/3D Bakery Object/FBX/Texture/Hamegg.png using Guid(9746c0b1835b13440b9c9d09dd9f6080) Importer(815301076,1909f56bfc062723c751e8b465ee728b)  -> (artifact id: 'a89021b2c8d898f68682192dde8742ba') in 0.031058 seconds 
========================================================================
Received Import Request.
  Time since last request: 1.107079 seconds.
  path: Assets/01_3D/ETC/3D Bakery Object/Prefab/Donuts.prefab
  artifactKey: Guid(1168e432e0c205345b90c4ec2f307c97) Importer(815301076,1909f56bfc062723c751e8b465ee728b)
Start importing Assets/01_3D/ETC/3D Bakery Object/Prefab/Donuts.prefab using Guid(1168e432e0c205345b90c4ec2f307c97) Importer(815301076,1909f56bfc062723c751e8b465ee728b)  -> (artifact id: 'de1c2fdcfde93e1280d0ce505c3f480d') in 0.032906 seconds 
========================================================================
Received Import Request.
  Time since last request: 0.000018 seconds.
  path: Assets/01_3D/ETC/3D Bakery Object/Prefab/IceCream.prefab
  artifactKey: Guid(a7dfc8f0b06a1f64a889c6c9e36e23d5) Importer(815301076,1909f56bfc062723c751e8b465ee728b)
Start importing Assets/01_3D/ETC/3D Bakery Object/Prefab/IceCream.prefab using Guid(a7dfc8f0b06a1f64a889c6c9e36e23d5) Importer(815301076,1909f56bfc062723c751e8b465ee728b)  -> (artifact id: '280ae2c25a2c56c278bc34232de975f4') in 0.030857 seconds 
========================================================================
Received Import Request.
  Time since last request: 0.000019 seconds.
  path: Assets/01_3D/ETC/3D Bakery Object/Prefab/Waffle.prefab
  artifactKey: Guid(5b63de927760304438a3c6ac347846d5) Importer(815301076,1909f56bfc062723c751e8b465ee728b)
Start importing Assets/01_3D/ETC/3D Bakery Object/Prefab/Waffle.prefab using Guid(5b63de927760304438a3c6ac347846d5) Importer(815301076,1909f56bfc062723c751e8b465ee728b)  -> (artifact id: '828805d9b79b237df96c9f29674f2d88') in 0.024911 seconds 
